[2024-11-08T15:41:26.142+0000] {local_task_job_runner.py:123} INFO - ::group::Pre task execution logs
[2024-11-08T15:41:26.159+0000] {taskinstance.py:2613} INFO - Dependencies all met for dep_context=non-requeueable deps ti=<TaskInstance: strata-lab-1-v00.read_signals_from_s3 scheduled__2024-11-08T15:40:00+00:00 [queued]>
[2024-11-08T15:41:26.163+0000] {taskinstance.py:2613} INFO - Dependencies all met for dep_context=requeueable deps ti=<TaskInstance: strata-lab-1-v00.read_signals_from_s3 scheduled__2024-11-08T15:40:00+00:00 [queued]>
[2024-11-08T15:41:26.164+0000] {taskinstance.py:2866} INFO - Starting attempt 1 of 1
[2024-11-08T15:41:26.170+0000] {taskinstance.py:2889} INFO - Executing <Task(_PythonDecoratedOperator): read_signals_from_s3> on 2024-11-08 15:40:00+00:00
[2024-11-08T15:41:26.182+0000] {logging_mixin.py:190} WARNING - /home/***/.local/lib/python3.12/site-packages/***/task/task_runner/standard_task_runner.py:70 DeprecationWarning: This process (pid=3160) is multi-threaded, use of fork() may lead to deadlocks in the child.
[2024-11-08T15:41:26.185+0000] {standard_task_runner.py:72} INFO - Started process 3163 to run task
[2024-11-08T15:41:26.187+0000] {standard_task_runner.py:104} INFO - Running: ['***', 'tasks', 'run', 'strata-lab-1-v00', 'read_signals_from_s3', 'scheduled__2024-11-08T15:40:00+00:00', '--job-id', '45', '--raw', '--subdir', 'DAGS_FOLDER/main.py', '--cfg-path', '/tmp/tmp_kjb5zn3']
[2024-11-08T15:41:26.188+0000] {standard_task_runner.py:105} INFO - Job 45: Subtask read_signals_from_s3
[2024-11-08T15:41:26.232+0000] {task_command.py:467} INFO - Running <TaskInstance: strata-lab-1-v00.read_signals_from_s3 scheduled__2024-11-08T15:40:00+00:00 [running]> on host 836a99166ce4
[2024-11-08T15:41:26.283+0000] {taskinstance.py:3132} INFO - Exporting env vars: AIRFLOW_CTX_DAG_OWNER='***' AIRFLOW_CTX_DAG_ID='strata-lab-1-v00' AIRFLOW_CTX_TASK_ID='read_signals_from_s3' AIRFLOW_CTX_EXECUTION_DATE='2024-11-08T15:40:00+00:00' AIRFLOW_CTX_TRY_NUMBER='1' AIRFLOW_CTX_DAG_RUN_ID='scheduled__2024-11-08T15:40:00+00:00'
[2024-11-08T15:41:26.285+0000] {logging_mixin.py:190} INFO - Task instance is in running state
[2024-11-08T15:41:26.285+0000] {logging_mixin.py:190} INFO -  Previous state of the Task instance: queued
[2024-11-08T15:41:26.285+0000] {logging_mixin.py:190} INFO - Current task name:read_signals_from_s3 state:running start_date:2024-11-08 15:41:26.159412+00:00
[2024-11-08T15:41:26.285+0000] {logging_mixin.py:190} INFO - Dag name:strata-lab-1-v00 and current dag run status:running
[2024-11-08T15:41:26.285+0000] {taskinstance.py:731} INFO - ::endgroup::
[2024-11-08T15:41:26.984+0000] {python.py:240} INFO - Done. Returned value was: rsi,stoch_rsi,macd,bollinger_bands,mvg
"['BTCUSDT', '15:36:59', 0]","['BTCUSDT', '15:36:59', 0]","['BTCUSDT', '15:36:59', 0]","['BTCUSDT', '15:36:59', 0]","['BTCUSDT', '15:36:59', 0]"
"['ETHUSDT', '15:36:59', 0]","['ETHUSDT', '15:36:59', 0]","['ETHUSDT', '15:36:59', 0]","['ETHUSDT', '15:36:59', 0]","['ETHUSDT', '15:36:59', 0]"
"['BNBUSDT', '15:36:59', 0]","['BNBUSDT', '15:36:59', 1]","['BNBUSDT', '15:36:59', 0]","['BNBUSDT', '15:36:59', 0]","['BNBUSDT', '15:36:59', 0]"
"['ADAUSDT', '15:36:59', 0]","['ADAUSDT', '15:36:59', 0]","['ADAUSDT', '15:36:59', 0]","['ADAUSDT', '15:36:59', 0]","['ADAUSDT', '15:36:59', 0]"
"['XRPUSDT', '15:36:59', 0]","['XRPUSDT', '15:36:59', 0]","['XRPUSDT', '15:36:59', 0]","['XRPUSDT', '15:36:59', 0]","['XRPUSDT', '15:36:59', 0]"
"['SOLUSDT', '15:36:59', 0]","['SOLUSDT', '15:36:59', 0]","['SOLUSDT', '15:36:59', 2]","['SOLUSDT', '15:36:59', 0]","['SOLUSDT', '15:36:59', 0]"
"['DOTUSDT', '15:36:59', 0]","['DOTUSDT', '15:36:59', 0]","['DOTUSDT', '15:36:59', 0]","['DOTUSDT', '15:36:59', 0]","['DOTUSDT', '15:36:59', 0]"
"['DOGEUSDT', '15:36:59', 0]","['DOGEUSDT', '15:36:59', 0]","['DOGEUSDT', '15:36:59', 0]","['DOGEUSDT', '15:36:59', 0]","['DOGEUSDT', '15:36:59', 0]"
"['LINKUSDT', '15:36:59', 0]","['LINKUSDT', '15:36:59', 0]","['LINKUSDT', '15:36:59', 0]","['LINKUSDT', '15:36:59', 0]","['LINKUSDT', '15:36:59', 2]"
"['LTCUSDT', '15:36:59', 0]","['LTCUSDT', '15:36:59', 0]","['LTCUSDT', '15:36:59', 2]","['LTCUSDT', '15:36:59', 0]","['LTCUSDT', '15:36:59', 0]"
"['BTCUSDT', '15:37:30', 0]","['BTCUSDT', '15:37:30', 0]","['BTCUSDT', '15:37:30', 0]","['BTCUSDT', '15:37:30', 0]","['BTCUSDT', '15:37:30', 0]"
"['ETHUSDT', '15:37:30', 0]","['ETHUSDT', '15:37:30', 0]","['ETHUSDT', '15:37:30', 0]","['ETHUSDT', '15:37:30', 0]","['ETHUSDT', '15:37:30', 0]"
"['BNBUSDT', '15:37:30', 0]","['BNBUSDT', '15:37:30', 1]","['BNBUSDT', '15:37:30', 0]","['BNBUSDT', '15:37:30', 0]","['BNBUSDT', '15:37:30', 2]"
"['ADAUSDT', '15:37:30', 0]","['ADAUSDT', '15:37:30', 0]","['ADAUSDT', '15:37:30', 0]","['ADAUSDT', '15:37:30', 0]","['ADAUSDT', '15:37:30', 0]"
"['XRPUSDT', '15:37:30', 0]","['XRPUSDT', '15:37:30', 0]","['XRPUSDT', '15:37:30', 0]","['XRPUSDT', '15:37:30', 0]","['XRPUSDT', '15:37:30', 2]"
"['SOLUSDT', '15:37:30', 0]","['SOLUSDT', '15:37:30', 0]","['SOLUSDT', '15:37:30', 2]","['SOLUSDT', '15:37:30', 0]","['SOLUSDT', '15:37:30', 0]"
"['DOTUSDT', '15:37:30', 0]","['DOTUSDT', '15:37:30', 0]","['DOTUSDT', '15:37:30', 0]","['DOTUSDT', '15:37:30', 0]","['DOTUSDT', '15:37:30', 0]"
"['DOGEUSDT', '15:37:30', 0]","['DOGEUSDT', '15:37:30', 0]","['DOGEUSDT', '15:37:30', 0]","['DOGEUSDT', '15:37:30', 0]","['DOGEUSDT', '15:37:30', 0]"
"['LINKUSDT', '15:37:30', 0]","['LINKUSDT', '15:37:30', 0]","['LINKUSDT', '15:37:30', 0]","['LINKUSDT', '15:37:30', 0]","['LINKUSDT', '15:37:30', 0]"
"['LTCUSDT', '15:37:30', 0]","['LTCUSDT', '15:37:30', 0]","['LTCUSDT', '15:37:30', 0]","['LTCUSDT', '15:37:30', 0]","['LTCUSDT', '15:37:30', 0]"
"['BTCUSDT', '15:38:23', 0]","['BTCUSDT', '15:38:23', 0]","['BTCUSDT', '15:38:23', 0]","['BTCUSDT', '15:38:23', 0]","['BTCUSDT', '15:38:23', 0]"
"['ETHUSDT', '15:38:23', 0]","['ETHUSDT', '15:38:23', 1]","['ETHUSDT', '15:38:23', 0]","['ETHUSDT', '15:38:23', 0]","['ETHUSDT', '15:38:23', 0]"
"['BNBUSDT', '15:38:23', 0]","['BNBUSDT', '15:38:23', 0]","['BNBUSDT', '15:38:23', 0]","['BNBUSDT', '15:38:23', 0]","['BNBUSDT', '15:38:23', 2]"
"['ADAUSDT', '15:38:23', 0]","['ADAUSDT', '15:38:23', 0]","['ADAUSDT', '15:38:23', 0]","['ADAUSDT', '15:38:23', 0]","['ADAUSDT', '15:38:23', 0]"
"['XRPUSDT', '15:38:23', 0]","['XRPUSDT', '15:38:23', 0]","['XRPUSDT', '15:38:23', 0]","['XRPUSDT', '15:38:23', 0]","['XRPUSDT', '15:38:23', 2]"
"['SOLUSDT', '15:38:23', 0]","['SOLUSDT', '15:38:23', 0]","['SOLUSDT', '15:38:23', 0]","['SOLUSDT', '15:38:23', 0]","['SOLUSDT', '15:38:23', 0]"
"['DOTUSDT', '15:38:23', 0]","['DOTUSDT', '15:38:23', 0]","['DOTUSDT', '15:38:23', 0]","['DOTUSDT', '15:38:23', 0]","['DOTUSDT', '15:38:23', 0]"
"['DOGEUSDT', '15:38:23', 0]","['DOGEUSDT', '15:38:23', 0]","['DOGEUSDT', '15:38:23', 0]","['DOGEUSDT', '15:38:23', 0]","['DOGEUSDT', '15:38:23', 0]"
"['LINKUSDT', '15:38:23', 0]","['LINKUSDT', '15:38:23', 0]","['LINKUSDT', '15:38:23', 0]","['LINKUSDT', '15:38:23', 0]","['LINKUSDT', '15:38:23', 0]"
"['LTCUSDT', '15:38:23', 0]","['LTCUSDT', '15:38:23', 0]","['LTCUSDT', '15:38:23', 2]","['LTCUSDT', '15:38:23', 0]","['LTCUSDT', '15:38:23', 0]"
"['BTCUSDT', '15:39:02', 0]","['BTCUSDT', '15:39:02', 0]","['BTCUSDT', '15:39:02', 0]","['BTCUSDT', '15:39:02', 0]","['BTCUSDT', '15:39:02', 0]"
"['ETHUSDT', '15:39:02', 0]","['ETHUSDT', '15:39:02', 0]","['ETHUSDT', '15:39:02', 0]","['ETHUSDT', '15:39:02', 0]","['ETHUSDT', '15:39:02', 0]"
"['BNBUSDT', '15:39:02', 0]","['BNBUSDT', '15:39:02', 0]","['BNBUSDT', '15:39:02', 0]","['BNBUSDT', '15:39:02', 0]","['BNBUSDT', '15:39:02', 0]"
"['ADAUSDT', '15:39:02', 0]","['ADAUSDT', '15:39:02', 0]","['ADAUSDT', '15:39:02', 0]","['ADAUSDT', '15:39:02', 0]","['ADAUSDT', '15:39:02', 0]"
"['XRPUSDT', '15:39:02', 0]","['XRPUSDT', '15:39:02', 1]","['XRPUSDT', '15:39:02', 0]","['XRPUSDT', '15:39:02', 0]","['XRPUSDT', '15:39:02', 0]"
"['SOLUSDT', '15:39:02', 0]","['SOLUSDT', '15:39:02', 0]","['SOLUSDT', '15:39:02', 0]","['SOLUSDT', '15:39:02', 0]","['SOLUSDT', '15:39:02', 0]"
"['DOTUSDT', '15:39:02', 0]","['DOTUSDT', '15:39:02', 0]","['DOTUSDT', '15:39:02', 0]","['DOTUSDT', '15:39:02', 0]","['DOTUSDT', '15:39:02', 0]"
"['DOGEUSDT', '15:39:02', 0]","['DOGEUSDT', '15:39:02', 0]","['DOGEUSDT', '15:39:02', 0]","['DOGEUSDT', '15:39:02', 0]","['DOGEUSDT', '15:39:02', 2]"
"['LINKUSDT', '15:39:02', 0]","['LINKUSDT', '15:39:02', 0]","['LINKUSDT', '15:39:02', 0]","['LINKUSDT', '15:39:02', 0]","['LINKUSDT', '15:39:02', 0]"
"['LTCUSDT', '15:39:02', 0]","['LTCUSDT', '15:39:02', 0]","['LTCUSDT', '15:39:02', 2]","['LTCUSDT', '15:39:02', 0]","['LTCUSDT', '15:39:02', 0]"
"['BTCUSDT', '15:40:56', 0]","['BTCUSDT', '15:40:56', 0]","['BTCUSDT', '15:40:56', 0]","['BTCUSDT', '15:40:56', 0]","['BTCUSDT', '15:40:56', 0]"
"['ETHUSDT', '15:40:56', 0]","['ETHUSDT', '15:40:56', 0]","['ETHUSDT', '15:40:56', 0]","['ETHUSDT', '15:40:56', 0]","['ETHUSDT', '15:40:56', 0]"
"['BNBUSDT', '15:40:56', 0]","['BNBUSDT', '15:40:56', 0]","['BNBUSDT', '15:40:56', 0]","['BNBUSDT', '15:40:56', 0]","['BNBUSDT', '15:40:56', 0]"
"['ADAUSDT', '15:40:56', 0]","['ADAUSDT', '15:40:56', 0]","['ADAUSDT', '15:40:56', 0]","['ADAUSDT', '15:40:56', 2]","['ADAUSDT', '15:40:56', 0]"
"['XRPUSDT', '15:40:56', 0]","['XRPUSDT', '15:40:56', 0]","['XRPUSDT', '15:40:56', 0]","['XRPUSDT', '15:40:56', 0]","['XRPUSDT', '15:40:56', 0]"
"['SOLUSDT', '15:40:56', 0]","['SOLUSDT', '15:40:56', 1]","['SOLUSDT', '15:40:56', 0]","['SOLUSDT', '15:40:56', 0]","['SOLUSDT', '15:40:56', 2]"
"['DOTUSDT', '15:40:56', 0]","['DOTUSDT', '15:40:56', 0]","['DOTUSDT', '15:40:56', 0]","['DOTUSDT', '15:40:56', 0]","['DOTUSDT', '15:40:56', 0]"
"['DOGEUSDT', '15:40:56', 0]","['DOGEUSDT', '15:40:56', 0]","['DOGEUSDT', '15:40:56', 0]","['DOGEUSDT', '15:40:56', 0]","['DOGEUSDT', '15:40:56', 0]"
"['LINKUSDT', '15:40:56', 0]","['LINKUSDT', '15:40:56', 0]","['LINKUSDT', '15:40:56', 0]","['LINKUSDT', '15:40:56', 0]","['LINKUSDT', '15:40:56', 0]"
"['LTCUSDT', '15:40:56', 0]","['LTCUSDT', '15:40:56', 0]","['LTCUSDT', '15:40:56', 0]","['LTCUSDT', '15:40:56', 2]","['LTCUSDT', '15:40:56', 0]"

[2024-11-08T15:41:27.024+0000] {taskinstance.py:340} INFO - ::group::Post task execution logs
[2024-11-08T15:41:27.025+0000] {taskinstance.py:352} INFO - Marking task as SUCCESS. dag_id=strata-lab-1-v00, task_id=read_signals_from_s3, run_id=scheduled__2024-11-08T15:40:00+00:00, execution_date=20241108T154000, start_date=20241108T154126, end_date=20241108T154127
[2024-11-08T15:41:27.039+0000] {logging_mixin.py:190} INFO - Task instance in success state
[2024-11-08T15:41:27.040+0000] {logging_mixin.py:190} INFO -  Previous state of the Task instance: running
[2024-11-08T15:41:27.041+0000] {logging_mixin.py:190} INFO - Dag name:strata-lab-1-v00 queued_at:2024-11-08 15:41:24.630485+00:00
[2024-11-08T15:41:27.042+0000] {logging_mixin.py:190} INFO - Task hostname:836a99166ce4 operator:_PythonDecoratedOperator
[2024-11-08T15:41:27.070+0000] {local_task_job_runner.py:266} INFO - Task exited with return code 0
[2024-11-08T15:41:27.124+0000] {taskinstance.py:3895} INFO - 0 downstream tasks scheduled from follow-on schedule check
[2024-11-08T15:41:27.128+0000] {local_task_job_runner.py:245} INFO - ::endgroup::
