[2024-11-08T15:51:24.316+0000] {local_task_job_runner.py:123} INFO - ::group::Pre task execution logs
[2024-11-08T15:51:24.328+0000] {taskinstance.py:2613} INFO - Dependencies all met for dep_context=non-requeueable deps ti=<TaskInstance: strata-lab-1-v00.export_signals_to_s3 scheduled__2024-11-08T15:50:00+00:00 [queued]>
[2024-11-08T15:51:24.331+0000] {taskinstance.py:2613} INFO - Dependencies all met for dep_context=requeueable deps ti=<TaskInstance: strata-lab-1-v00.export_signals_to_s3 scheduled__2024-11-08T15:50:00+00:00 [queued]>
[2024-11-08T15:51:24.331+0000] {taskinstance.py:2866} INFO - Starting attempt 1 of 1
[2024-11-08T15:51:24.337+0000] {taskinstance.py:2889} INFO - Executing <Task(_PythonDecoratedOperator): export_signals_to_s3> on 2024-11-08 15:50:00+00:00
[2024-11-08T15:51:24.345+0000] {standard_task_runner.py:104} INFO - Running: ['***', 'tasks', 'run', 'strata-lab-1-v00', 'export_signals_to_s3', 'scheduled__2024-11-08T15:50:00+00:00', '--job-id', '76', '--raw', '--subdir', 'DAGS_FOLDER/main.py', '--cfg-path', '/tmp/tmpoe2v_1nn']
[2024-11-08T15:51:24.348+0000] {standard_task_runner.py:105} INFO - Job 76: Subtask export_signals_to_s3
[2024-11-08T15:51:24.351+0000] {logging_mixin.py:190} WARNING - /home/***/.local/lib/python3.12/site-packages/***/task/task_runner/standard_task_runner.py:70 DeprecationWarning: This process (pid=9092) is multi-threaded, use of fork() may lead to deadlocks in the child.
[2024-11-08T15:51:24.351+0000] {standard_task_runner.py:72} INFO - Started process 9093 to run task
[2024-11-08T15:51:24.388+0000] {task_command.py:467} INFO - Running <TaskInstance: strata-lab-1-v00.export_signals_to_s3 scheduled__2024-11-08T15:50:00+00:00 [running]> on host 836a99166ce4
[2024-11-08T15:51:24.441+0000] {taskinstance.py:3132} INFO - Exporting env vars: AIRFLOW_CTX_DAG_OWNER='***' AIRFLOW_CTX_DAG_ID='strata-lab-1-v00' AIRFLOW_CTX_TASK_ID='export_signals_to_s3' AIRFLOW_CTX_EXECUTION_DATE='2024-11-08T15:50:00+00:00' AIRFLOW_CTX_TRY_NUMBER='1' AIRFLOW_CTX_DAG_RUN_ID='scheduled__2024-11-08T15:50:00+00:00'
[2024-11-08T15:51:24.442+0000] {logging_mixin.py:190} INFO - Task instance is in running state
[2024-11-08T15:51:24.442+0000] {logging_mixin.py:190} INFO -  Previous state of the Task instance: queued
[2024-11-08T15:51:24.442+0000] {logging_mixin.py:190} INFO - Current task name:export_signals_to_s3 state:running start_date:2024-11-08 15:51:24.328272+00:00
[2024-11-08T15:51:24.442+0000] {logging_mixin.py:190} INFO - Dag name:strata-lab-1-v00 and current dag run status:running
[2024-11-08T15:51:24.442+0000] {taskinstance.py:731} INFO - ::endgroup::
[2024-11-08T15:51:24.506+0000] {logging_mixin.py:190} WARNING - /opt/***/dags/main.py:63 FutureWarning: Passing literal json to 'read_json' is deprecated and will be removed in a future version. To read from a literal string, wrap it in a 'StringIO' object.
[2024-11-08T15:51:26.056+0000] {logging_mixin.py:190} INFO - Signals exported to S3 successfully.
[2024-11-08T15:51:26.064+0000] {python.py:240} INFO - Done. Returned value was: None
[2024-11-08T15:51:26.083+0000] {taskinstance.py:340} INFO - ::group::Post task execution logs
[2024-11-08T15:51:26.084+0000] {taskinstance.py:352} INFO - Marking task as SUCCESS. dag_id=strata-lab-1-v00, task_id=export_signals_to_s3, run_id=scheduled__2024-11-08T15:50:00+00:00, execution_date=20241108T155000, start_date=20241108T155124, end_date=20241108T155126
[2024-11-08T15:51:26.093+0000] {logging_mixin.py:190} INFO - Task instance in success state
[2024-11-08T15:51:26.094+0000] {logging_mixin.py:190} INFO -  Previous state of the Task instance: running
[2024-11-08T15:51:26.094+0000] {logging_mixin.py:190} INFO - Dag name:strata-lab-1-v00 queued_at:2024-11-08 15:51:00.454591+00:00
[2024-11-08T15:51:26.094+0000] {logging_mixin.py:190} INFO - Task hostname:836a99166ce4 operator:_PythonDecoratedOperator
[2024-11-08T15:51:26.137+0000] {local_task_job_runner.py:266} INFO - Task exited with return code 0
[2024-11-08T15:51:26.152+0000] {taskinstance.py:3895} INFO - 0 downstream tasks scheduled from follow-on schedule check
[2024-11-08T15:51:26.153+0000] {local_task_job_runner.py:245} INFO - ::endgroup::
