[2024-11-08T15:12:27.087+0000] {local_task_job_runner.py:123} INFO - ::group::Pre task execution logs
[2024-11-08T15:12:27.100+0000] {taskinstance.py:2613} INFO - Dependencies all met for dep_context=non-requeueable deps ti=<TaskInstance: strata-lab-1-v02.read_signals_from_s3 scheduled__2024-11-08T15:11:00+00:00 [queued]>
[2024-11-08T15:12:27.108+0000] {taskinstance.py:2613} INFO - Dependencies all met for dep_context=requeueable deps ti=<TaskInstance: strata-lab-1-v02.read_signals_from_s3 scheduled__2024-11-08T15:11:00+00:00 [queued]>
[2024-11-08T15:12:27.110+0000] {taskinstance.py:2866} INFO - Starting attempt 1 of 1
[2024-11-08T15:12:27.117+0000] {taskinstance.py:2889} INFO - Executing <Task(_PythonDecoratedOperator): read_signals_from_s3> on 2024-11-08 15:11:00+00:00
[2024-11-08T15:12:27.143+0000] {logging_mixin.py:190} WARNING - /home/***/.local/lib/python3.12/site-packages/***/task/task_runner/standard_task_runner.py:70 DeprecationWarning: This process (pid=6127) is multi-threaded, use of fork() may lead to deadlocks in the child.
[2024-11-08T15:12:27.152+0000] {standard_task_runner.py:72} INFO - Started process 6129 to run task
[2024-11-08T15:12:27.193+0000] {standard_task_runner.py:104} INFO - Running: ['***', 'tasks', 'run', 'strata-lab-1-v02', 'read_signals_from_s3', 'scheduled__2024-11-08T15:11:00+00:00', '--job-id', '22', '--raw', '--subdir', 'DAGS_FOLDER/main.py', '--cfg-path', '/tmp/tmpyxri0on_']
[2024-11-08T15:12:27.196+0000] {standard_task_runner.py:105} INFO - Job 22: Subtask read_signals_from_s3
[2024-11-08T15:12:27.289+0000] {task_command.py:467} INFO - Running <TaskInstance: strata-lab-1-v02.read_signals_from_s3 scheduled__2024-11-08T15:11:00+00:00 [running]> on host 836a99166ce4
[2024-11-08T15:12:27.350+0000] {taskinstance.py:3132} INFO - Exporting env vars: AIRFLOW_CTX_DAG_OWNER='***' AIRFLOW_CTX_DAG_ID='strata-lab-1-v02' AIRFLOW_CTX_TASK_ID='read_signals_from_s3' AIRFLOW_CTX_EXECUTION_DATE='2024-11-08T15:11:00+00:00' AIRFLOW_CTX_TRY_NUMBER='1' AIRFLOW_CTX_DAG_RUN_ID='scheduled__2024-11-08T15:11:00+00:00'
[2024-11-08T15:12:27.356+0000] {logging_mixin.py:190} INFO - Task instance is in running state
[2024-11-08T15:12:27.357+0000] {logging_mixin.py:190} INFO -  Previous state of the Task instance: queued
[2024-11-08T15:12:27.358+0000] {logging_mixin.py:190} INFO - Current task name:read_signals_from_s3 state:running start_date:2024-11-08 15:12:27.102676+00:00
[2024-11-08T15:12:27.358+0000] {logging_mixin.py:190} INFO - Dag name:strata-lab-1-v02 and current dag run status:running
[2024-11-08T15:12:27.358+0000] {taskinstance.py:731} INFO - ::endgroup::
[2024-11-08T15:12:28.203+0000] {python.py:240} INFO - Done. Returned value was: None
[2024-11-08T15:12:28.227+0000] {taskinstance.py:340} INFO - ::group::Post task execution logs
[2024-11-08T15:12:28.227+0000] {taskinstance.py:352} INFO - Marking task as SUCCESS. dag_id=strata-lab-1-v02, task_id=read_signals_from_s3, run_id=scheduled__2024-11-08T15:11:00+00:00, execution_date=20241108T151100, start_date=20241108T151227, end_date=20241108T151228
[2024-11-08T15:12:28.241+0000] {logging_mixin.py:190} INFO - Task instance in success state
[2024-11-08T15:12:28.243+0000] {logging_mixin.py:190} INFO -  Previous state of the Task instance: running
[2024-11-08T15:12:28.243+0000] {logging_mixin.py:190} INFO - Dag name:strata-lab-1-v02 queued_at:2024-11-08 15:12:24.411050+00:00
[2024-11-08T15:12:28.243+0000] {logging_mixin.py:190} INFO - Task hostname:836a99166ce4 operator:_PythonDecoratedOperator
[2024-11-08T15:12:28.289+0000] {local_task_job_runner.py:266} INFO - Task exited with return code 0
[2024-11-08T15:12:28.313+0000] {taskinstance.py:3895} INFO - 0 downstream tasks scheduled from follow-on schedule check
[2024-11-08T15:12:28.314+0000] {local_task_job_runner.py:245} INFO - ::endgroup::
