[2024-11-08T15:37:29.862+0000] {local_task_job_runner.py:123} INFO - ::group::Pre task execution logs
[2024-11-08T15:37:29.899+0000] {taskinstance.py:2613} INFO - Dependencies all met for dep_context=non-requeueable deps ti=<TaskInstance: strata-lab-1-v01.check_alerts scheduled__2024-11-08T15:36:00+00:00 [queued]>
[2024-11-08T15:37:29.923+0000] {taskinstance.py:2613} INFO - Dependencies all met for dep_context=requeueable deps ti=<TaskInstance: strata-lab-1-v01.check_alerts scheduled__2024-11-08T15:36:00+00:00 [queued]>
[2024-11-08T15:37:29.924+0000] {taskinstance.py:2866} INFO - Starting attempt 1 of 1
[2024-11-08T15:37:29.956+0000] {taskinstance.py:2889} INFO - Executing <Task(_PythonDecoratedOperator): check_alerts> on 2024-11-08 15:36:00+00:00
[2024-11-08T15:37:30.001+0000] {standard_task_runner.py:104} INFO - Running: ['***', 'tasks', 'run', 'strata-lab-1-v01', 'check_alerts', 'scheduled__2024-11-08T15:36:00+00:00', '--job-id', '33', '--raw', '--subdir', 'DAGS_FOLDER/main.py', '--cfg-path', '/tmp/tmpau3hmrvl']
[2024-11-08T15:37:30.000+0000] {logging_mixin.py:190} WARNING - /home/***/.local/lib/python3.12/site-packages/***/task/task_runner/standard_task_runner.py:70 DeprecationWarning: This process (pid=1517) is multi-threaded, use of fork() may lead to deadlocks in the child.
[2024-11-08T15:37:30.003+0000] {standard_task_runner.py:72} INFO - Started process 1522 to run task
[2024-11-08T15:37:30.002+0000] {standard_task_runner.py:105} INFO - Job 33: Subtask check_alerts
[2024-11-08T15:37:30.161+0000] {task_command.py:467} INFO - Running <TaskInstance: strata-lab-1-v01.check_alerts scheduled__2024-11-08T15:36:00+00:00 [running]> on host 836a99166ce4
[2024-11-08T15:37:30.566+0000] {taskinstance.py:3132} INFO - Exporting env vars: AIRFLOW_CTX_DAG_OWNER='***' AIRFLOW_CTX_DAG_ID='strata-lab-1-v01' AIRFLOW_CTX_TASK_ID='check_alerts' AIRFLOW_CTX_EXECUTION_DATE='2024-11-08T15:36:00+00:00' AIRFLOW_CTX_TRY_NUMBER='1' AIRFLOW_CTX_DAG_RUN_ID='scheduled__2024-11-08T15:36:00+00:00'
[2024-11-08T15:37:30.577+0000] {logging_mixin.py:190} INFO - Task instance is in running state
[2024-11-08T15:37:30.590+0000] {logging_mixin.py:190} INFO -  Previous state of the Task instance: queued
[2024-11-08T15:37:30.592+0000] {logging_mixin.py:190} INFO - Current task name:check_alerts state:running start_date:2024-11-08 15:37:29.902582+00:00
[2024-11-08T15:37:30.592+0000] {logging_mixin.py:190} INFO - Dag name:strata-lab-1-v01 and current dag run status:running
[2024-11-08T15:37:30.596+0000] {taskinstance.py:731} INFO - ::endgroup::
[2024-11-08T15:37:58.690+0000] {job.py:229} INFO - Heartbeat recovered after 11.62 seconds
[2024-11-08T15:38:11.521+0000] {logging_mixin.py:190} INFO - Signals JSON: [{"rsi":["BTCUSDT","15:37:30",0],"stoch_rsi":["BTCUSDT","15:37:30",0],"macd":["BTCUSDT","15:37:30",0],"bollinger_bands":["BTCUSDT","15:37:30",0],"mvg":["BTCUSDT","15:37:30",0]},{"rsi":["ETHUSDT","15:37:30",0],"stoch_rsi":["ETHUSDT","15:37:30",0],"macd":["ETHUSDT","15:37:30",0],"bollinger_bands":["ETHUSDT","15:37:30",0],"mvg":["ETHUSDT","15:37:30",0]},{"rsi":["BNBUSDT","15:37:30",0],"stoch_rsi":["BNBUSDT","15:37:30",1],"macd":["BNBUSDT","15:37:30",0],"bollinger_bands":["BNBUSDT","15:37:30",0],"mvg":["BNBUSDT","15:37:30",2]},{"rsi":["ADAUSDT","15:37:30",0],"stoch_rsi":["ADAUSDT","15:37:30",0],"macd":["ADAUSDT","15:37:30",0],"bollinger_bands":["ADAUSDT","15:37:30",0],"mvg":["ADAUSDT","15:37:30",0]},{"rsi":["XRPUSDT","15:37:30",0],"stoch_rsi":["XRPUSDT","15:37:30",0],"macd":["XRPUSDT","15:37:30",0],"bollinger_bands":["XRPUSDT","15:37:30",0],"mvg":["XRPUSDT","15:37:30",2]},{"rsi":["SOLUSDT","15:37:30",0],"stoch_rsi":["SOLUSDT","15:37:30",0],"macd":["SOLUSDT","15:37:30",2],"bollinger_bands":["SOLUSDT","15:37:30",0],"mvg":["SOLUSDT","15:37:30",0]},{"rsi":["DOTUSDT","15:37:30",0],"stoch_rsi":["DOTUSDT","15:37:30",0],"macd":["DOTUSDT","15:37:30",0],"bollinger_bands":["DOTUSDT","15:37:30",0],"mvg":["DOTUSDT","15:37:30",0]},{"rsi":["DOGEUSDT","15:37:30",0],"stoch_rsi":["DOGEUSDT","15:37:30",0],"macd":["DOGEUSDT","15:37:30",0],"bollinger_bands":["DOGEUSDT","15:37:30",0],"mvg":["DOGEUSDT","15:37:30",0]},{"rsi":["LINKUSDT","15:37:30",0],"stoch_rsi":["LINKUSDT","15:37:30",0],"macd":["LINKUSDT","15:37:30",0],"bollinger_bands":["LINKUSDT","15:37:30",0],"mvg":["LINKUSDT","15:37:30",0]},{"rsi":["LTCUSDT","15:37:30",0],"stoch_rsi":["LTCUSDT","15:37:30",0],"macd":["LTCUSDT","15:37:30",0],"bollinger_bands":["LTCUSDT","15:37:30",0],"mvg":["LTCUSDT","15:37:30",0]}]
[2024-11-08T15:38:11.553+0000] {python.py:240} INFO - Done. Returned value was: [{"rsi":["BTCUSDT","15:37:30",0],"stoch_rsi":["BTCUSDT","15:37:30",0],"macd":["BTCUSDT","15:37:30",0],"bollinger_bands":["BTCUSDT","15:37:30",0],"mvg":["BTCUSDT","15:37:30",0]},{"rsi":["ETHUSDT","15:37:30",0],"stoch_rsi":["ETHUSDT","15:37:30",0],"macd":["ETHUSDT","15:37:30",0],"bollinger_bands":["ETHUSDT","15:37:30",0],"mvg":["ETHUSDT","15:37:30",0]},{"rsi":["BNBUSDT","15:37:30",0],"stoch_rsi":["BNBUSDT","15:37:30",1],"macd":["BNBUSDT","15:37:30",0],"bollinger_bands":["BNBUSDT","15:37:30",0],"mvg":["BNBUSDT","15:37:30",2]},{"rsi":["ADAUSDT","15:37:30",0],"stoch_rsi":["ADAUSDT","15:37:30",0],"macd":["ADAUSDT","15:37:30",0],"bollinger_bands":["ADAUSDT","15:37:30",0],"mvg":["ADAUSDT","15:37:30",0]},{"rsi":["XRPUSDT","15:37:30",0],"stoch_rsi":["XRPUSDT","15:37:30",0],"macd":["XRPUSDT","15:37:30",0],"bollinger_bands":["XRPUSDT","15:37:30",0],"mvg":["XRPUSDT","15:37:30",2]},{"rsi":["SOLUSDT","15:37:30",0],"stoch_rsi":["SOLUSDT","15:37:30",0],"macd":["SOLUSDT","15:37:30",2],"bollinger_bands":["SOLUSDT","15:37:30",0],"mvg":["SOLUSDT","15:37:30",0]},{"rsi":["DOTUSDT","15:37:30",0],"stoch_rsi":["DOTUSDT","15:37:30",0],"macd":["DOTUSDT","15:37:30",0],"bollinger_bands":["DOTUSDT","15:37:30",0],"mvg":["DOTUSDT","15:37:30",0]},{"rsi":["DOGEUSDT","15:37:30",0],"stoch_rsi":["DOGEUSDT","15:37:30",0],"macd":["DOGEUSDT","15:37:30",0],"bollinger_bands":["DOGEUSDT","15:37:30",0],"mvg":["DOGEUSDT","15:37:30",0]},{"rsi":["LINKUSDT","15:37:30",0],"stoch_rsi":["LINKUSDT","15:37:30",0],"macd":["LINKUSDT","15:37:30",0],"bollinger_bands":["LINKUSDT","15:37:30",0],"mvg":["LINKUSDT","15:37:30",0]},{"rsi":["LTCUSDT","15:37:30",0],"stoch_rsi":["LTCUSDT","15:37:30",0],"macd":["LTCUSDT","15:37:30",0],"bollinger_bands":["LTCUSDT","15:37:30",0],"mvg":["LTCUSDT","15:37:30",0]}]
[2024-11-08T15:38:11.771+0000] {taskinstance.py:340} INFO - ::group::Post task execution logs
[2024-11-08T15:38:11.775+0000] {taskinstance.py:352} INFO - Marking task as SUCCESS. dag_id=strata-lab-1-v01, task_id=check_alerts, run_id=scheduled__2024-11-08T15:36:00+00:00, execution_date=20241108T153600, start_date=20241108T153729, end_date=20241108T153811
[2024-11-08T15:38:11.894+0000] {logging_mixin.py:190} INFO - Task instance in success state
[2024-11-08T15:38:11.894+0000] {logging_mixin.py:190} INFO -  Previous state of the Task instance: running
[2024-11-08T15:38:11.895+0000] {logging_mixin.py:190} INFO - Dag name:strata-lab-1-v01 queued_at:2024-11-08 15:37:27.946635+00:00
[2024-11-08T15:38:11.895+0000] {logging_mixin.py:190} INFO - Task hostname:836a99166ce4 operator:_PythonDecoratedOperator
[2024-11-08T15:38:11.971+0000] {local_task_job_runner.py:266} INFO - Task exited with return code 0
[2024-11-08T15:38:12.147+0000] {taskinstance.py:3895} INFO - 1 downstream tasks scheduled from follow-on schedule check
[2024-11-08T15:38:12.150+0000] {local_task_job_runner.py:245} INFO - ::endgroup::
