[2024-11-08T15:41:49.696+0000] {local_task_job_runner.py:123} INFO - ::group::Pre task execution logs
[2024-11-08T15:41:49.702+0000] {taskinstance.py:2613} INFO - Dependencies all met for dep_context=non-requeueable deps ti=<TaskInstance: strata-lab-1-v00.export_signals_to_s3 scheduled__2024-11-08T15:40:00+00:00 [queued]>
[2024-11-08T15:41:49.705+0000] {taskinstance.py:2613} INFO - Dependencies all met for dep_context=requeueable deps ti=<TaskInstance: strata-lab-1-v00.export_signals_to_s3 scheduled__2024-11-08T15:40:00+00:00 [queued]>
[2024-11-08T15:41:49.705+0000] {taskinstance.py:2866} INFO - Starting attempt 1 of 1
[2024-11-08T15:41:49.710+0000] {taskinstance.py:2889} INFO - Executing <Task(_PythonDecoratedOperator): export_signals_to_s3> on 2024-11-08 15:40:00+00:00
[2024-11-08T15:41:49.716+0000] {logging_mixin.py:190} WARNING - /home/***/.local/lib/python3.12/site-packages/***/task/task_runner/standard_task_runner.py:70 DeprecationWarning: This process (pid=3397) is multi-threaded, use of fork() may lead to deadlocks in the child.
[2024-11-08T15:41:49.716+0000] {standard_task_runner.py:104} INFO - Running: ['***', 'tasks', 'run', 'strata-lab-1-v00', 'export_signals_to_s3', 'scheduled__2024-11-08T15:40:00+00:00', '--job-id', '46', '--raw', '--subdir', 'DAGS_FOLDER/main.py', '--cfg-path', '/tmp/tmpvk1ka_39']
[2024-11-08T15:41:49.717+0000] {standard_task_runner.py:105} INFO - Job 46: Subtask export_signals_to_s3
[2024-11-08T15:41:49.717+0000] {standard_task_runner.py:72} INFO - Started process 3398 to run task
[2024-11-08T15:41:49.743+0000] {task_command.py:467} INFO - Running <TaskInstance: strata-lab-1-v00.export_signals_to_s3 scheduled__2024-11-08T15:40:00+00:00 [running]> on host 836a99166ce4
[2024-11-08T15:41:49.780+0000] {taskinstance.py:3132} INFO - Exporting env vars: AIRFLOW_CTX_DAG_OWNER='***' AIRFLOW_CTX_DAG_ID='strata-lab-1-v00' AIRFLOW_CTX_TASK_ID='export_signals_to_s3' AIRFLOW_CTX_EXECUTION_DATE='2024-11-08T15:40:00+00:00' AIRFLOW_CTX_TRY_NUMBER='1' AIRFLOW_CTX_DAG_RUN_ID='scheduled__2024-11-08T15:40:00+00:00'
[2024-11-08T15:41:49.781+0000] {logging_mixin.py:190} INFO - Task instance is in running state
[2024-11-08T15:41:49.781+0000] {logging_mixin.py:190} INFO -  Previous state of the Task instance: queued
[2024-11-08T15:41:49.781+0000] {logging_mixin.py:190} INFO - Current task name:export_signals_to_s3 state:running start_date:2024-11-08 15:41:49.702882+00:00
[2024-11-08T15:41:49.782+0000] {logging_mixin.py:190} INFO - Dag name:strata-lab-1-v00 and current dag run status:running
[2024-11-08T15:41:49.782+0000] {taskinstance.py:731} INFO - ::endgroup::
[2024-11-08T15:41:49.904+0000] {logging_mixin.py:190} WARNING - /opt/***/dags/main.py:63 FutureWarning: Passing literal json to 'read_json' is deprecated and will be removed in a future version. To read from a literal string, wrap it in a 'StringIO' object.
[2024-11-08T15:41:51.324+0000] {logging_mixin.py:190} INFO - Signals exported to S3 successfully.
[2024-11-08T15:41:51.330+0000] {python.py:240} INFO - Done. Returned value was: None
[2024-11-08T15:41:51.349+0000] {taskinstance.py:340} INFO - ::group::Post task execution logs
[2024-11-08T15:41:51.350+0000] {taskinstance.py:352} INFO - Marking task as SUCCESS. dag_id=strata-lab-1-v00, task_id=export_signals_to_s3, run_id=scheduled__2024-11-08T15:40:00+00:00, execution_date=20241108T154000, start_date=20241108T154149, end_date=20241108T154151
[2024-11-08T15:41:51.361+0000] {logging_mixin.py:190} INFO - Task instance in success state
[2024-11-08T15:41:51.362+0000] {logging_mixin.py:190} INFO -  Previous state of the Task instance: running
[2024-11-08T15:41:51.362+0000] {logging_mixin.py:190} INFO - Dag name:strata-lab-1-v00 queued_at:2024-11-08 15:41:24.630485+00:00
[2024-11-08T15:41:51.362+0000] {logging_mixin.py:190} INFO - Task hostname:836a99166ce4 operator:_PythonDecoratedOperator
[2024-11-08T15:41:51.379+0000] {local_task_job_runner.py:266} INFO - Task exited with return code 0
[2024-11-08T15:41:51.403+0000] {taskinstance.py:3895} INFO - 0 downstream tasks scheduled from follow-on schedule check
[2024-11-08T15:41:51.405+0000] {local_task_job_runner.py:245} INFO - ::endgroup::
