[2024-11-08T15:44:07.851+0000] {local_task_job_runner.py:123} INFO - ::group::Pre task execution logs
[2024-11-08T15:44:07.983+0000] {taskinstance.py:2613} INFO - Dependencies all met for dep_context=non-requeueable deps ti=<TaskInstance: strata-lab-1-v00.check_alerts scheduled__2024-11-08T15:43:00+00:00 [queued]>
[2024-11-08T15:44:08.010+0000] {taskinstance.py:2613} INFO - Dependencies all met for dep_context=requeueable deps ti=<TaskInstance: strata-lab-1-v00.check_alerts scheduled__2024-11-08T15:43:00+00:00 [queued]>
[2024-11-08T15:44:08.011+0000] {taskinstance.py:2866} INFO - Starting attempt 1 of 1
[2024-11-08T15:44:08.087+0000] {taskinstance.py:2889} INFO - Executing <Task(_PythonDecoratedOperator): check_alerts> on 2024-11-08 15:43:00+00:00
[2024-11-08T15:44:08.182+0000] {logging_mixin.py:190} WARNING - /home/***/.local/lib/python3.12/site-packages/***/task/task_runner/standard_task_runner.py:70 DeprecationWarning: This process (pid=4706) is multi-threaded, use of fork() may lead to deadlocks in the child.
[2024-11-08T15:44:08.206+0000] {standard_task_runner.py:72} INFO - Started process 4721 to run task
[2024-11-08T15:44:08.188+0000] {standard_task_runner.py:104} INFO - Running: ['***', 'tasks', 'run', 'strata-lab-1-v00', 'check_alerts', 'scheduled__2024-11-08T15:43:00+00:00', '--job-id', '54', '--raw', '--subdir', 'DAGS_FOLDER/main.py', '--cfg-path', '/tmp/tmp6dpvpvst']
[2024-11-08T15:44:08.207+0000] {standard_task_runner.py:105} INFO - Job 54: Subtask check_alerts
[2024-11-08T15:44:08.478+0000] {task_command.py:467} INFO - Running <TaskInstance: strata-lab-1-v00.check_alerts scheduled__2024-11-08T15:43:00+00:00 [running]> on host 836a99166ce4
[2024-11-08T15:44:08.822+0000] {taskinstance.py:3132} INFO - Exporting env vars: AIRFLOW_CTX_DAG_OWNER='***' AIRFLOW_CTX_DAG_ID='strata-lab-1-v00' AIRFLOW_CTX_TASK_ID='check_alerts' AIRFLOW_CTX_EXECUTION_DATE='2024-11-08T15:43:00+00:00' AIRFLOW_CTX_TRY_NUMBER='1' AIRFLOW_CTX_DAG_RUN_ID='scheduled__2024-11-08T15:43:00+00:00'
[2024-11-08T15:44:08.836+0000] {logging_mixin.py:190} INFO - Task instance is in running state
[2024-11-08T15:44:08.840+0000] {logging_mixin.py:190} INFO -  Previous state of the Task instance: queued
[2024-11-08T15:44:08.842+0000] {logging_mixin.py:190} INFO - Current task name:check_alerts state:running start_date:2024-11-08 15:44:07.991490+00:00
[2024-11-08T15:44:08.846+0000] {logging_mixin.py:190} INFO - Dag name:strata-lab-1-v00 and current dag run status:running
[2024-11-08T15:44:08.847+0000] {taskinstance.py:731} INFO - ::endgroup::
[2024-11-08T15:44:30.923+0000] {logging_mixin.py:190} INFO - Signals JSON: [{"rsi":["BTCUSDT","15:44:08",0],"stoch_rsi":["BTCUSDT","15:44:08",0],"macd":["BTCUSDT","15:44:08",0],"bollinger_bands":["BTCUSDT","15:44:08",0],"mvg":["BTCUSDT","15:44:08",0]},{"rsi":["ETHUSDT","15:44:08",0],"stoch_rsi":["ETHUSDT","15:44:08",0],"macd":["ETHUSDT","15:44:08",0],"bollinger_bands":["ETHUSDT","15:44:08",0],"mvg":["ETHUSDT","15:44:08",2]},{"rsi":["BNBUSDT","15:44:08",0],"stoch_rsi":["BNBUSDT","15:44:08",0],"macd":["BNBUSDT","15:44:08",0],"bollinger_bands":["BNBUSDT","15:44:08",0],"mvg":["BNBUSDT","15:44:08",0]},{"rsi":["ADAUSDT","15:44:08",2],"stoch_rsi":["ADAUSDT","15:44:08",0],"macd":["ADAUSDT","15:44:08",0],"bollinger_bands":["ADAUSDT","15:44:08",2],"mvg":["ADAUSDT","15:44:08",0]},{"rsi":["XRPUSDT","15:44:08",0],"stoch_rsi":["XRPUSDT","15:44:08",0],"macd":["XRPUSDT","15:44:08",0],"bollinger_bands":["XRPUSDT","15:44:08",0],"mvg":["XRPUSDT","15:44:08",0]},{"rsi":["SOLUSDT","15:44:08",0],"stoch_rsi":["SOLUSDT","15:44:08",0],"macd":["SOLUSDT","15:44:08",0],"bollinger_bands":["SOLUSDT","15:44:08",0],"mvg":["SOLUSDT","15:44:08",0]},{"rsi":["DOTUSDT","15:44:08",0],"stoch_rsi":["DOTUSDT","15:44:08",0],"macd":["DOTUSDT","15:44:08",0],"bollinger_bands":["DOTUSDT","15:44:08",0],"mvg":["DOTUSDT","15:44:08",0]},{"rsi":["DOGEUSDT","15:44:08",0],"stoch_rsi":["DOGEUSDT","15:44:08",0],"macd":["DOGEUSDT","15:44:08",0],"bollinger_bands":["DOGEUSDT","15:44:08",0],"mvg":["DOGEUSDT","15:44:08",0]},{"rsi":["LINKUSDT","15:44:08",0],"stoch_rsi":["LINKUSDT","15:44:08",0],"macd":["LINKUSDT","15:44:08",0],"bollinger_bands":["LINKUSDT","15:44:08",0],"mvg":["LINKUSDT","15:44:08",0]},{"rsi":["LTCUSDT","15:44:08",0],"stoch_rsi":["LTCUSDT","15:44:08",0],"macd":["LTCUSDT","15:44:08",0],"bollinger_bands":["LTCUSDT","15:44:08",0],"mvg":["LTCUSDT","15:44:08",0]}]
[2024-11-08T15:44:30.927+0000] {python.py:240} INFO - Done. Returned value was: [{"rsi":["BTCUSDT","15:44:08",0],"stoch_rsi":["BTCUSDT","15:44:08",0],"macd":["BTCUSDT","15:44:08",0],"bollinger_bands":["BTCUSDT","15:44:08",0],"mvg":["BTCUSDT","15:44:08",0]},{"rsi":["ETHUSDT","15:44:08",0],"stoch_rsi":["ETHUSDT","15:44:08",0],"macd":["ETHUSDT","15:44:08",0],"bollinger_bands":["ETHUSDT","15:44:08",0],"mvg":["ETHUSDT","15:44:08",2]},{"rsi":["BNBUSDT","15:44:08",0],"stoch_rsi":["BNBUSDT","15:44:08",0],"macd":["BNBUSDT","15:44:08",0],"bollinger_bands":["BNBUSDT","15:44:08",0],"mvg":["BNBUSDT","15:44:08",0]},{"rsi":["ADAUSDT","15:44:08",2],"stoch_rsi":["ADAUSDT","15:44:08",0],"macd":["ADAUSDT","15:44:08",0],"bollinger_bands":["ADAUSDT","15:44:08",2],"mvg":["ADAUSDT","15:44:08",0]},{"rsi":["XRPUSDT","15:44:08",0],"stoch_rsi":["XRPUSDT","15:44:08",0],"macd":["XRPUSDT","15:44:08",0],"bollinger_bands":["XRPUSDT","15:44:08",0],"mvg":["XRPUSDT","15:44:08",0]},{"rsi":["SOLUSDT","15:44:08",0],"stoch_rsi":["SOLUSDT","15:44:08",0],"macd":["SOLUSDT","15:44:08",0],"bollinger_bands":["SOLUSDT","15:44:08",0],"mvg":["SOLUSDT","15:44:08",0]},{"rsi":["DOTUSDT","15:44:08",0],"stoch_rsi":["DOTUSDT","15:44:08",0],"macd":["DOTUSDT","15:44:08",0],"bollinger_bands":["DOTUSDT","15:44:08",0],"mvg":["DOTUSDT","15:44:08",0]},{"rsi":["DOGEUSDT","15:44:08",0],"stoch_rsi":["DOGEUSDT","15:44:08",0],"macd":["DOGEUSDT","15:44:08",0],"bollinger_bands":["DOGEUSDT","15:44:08",0],"mvg":["DOGEUSDT","15:44:08",0]},{"rsi":["LINKUSDT","15:44:08",0],"stoch_rsi":["LINKUSDT","15:44:08",0],"macd":["LINKUSDT","15:44:08",0],"bollinger_bands":["LINKUSDT","15:44:08",0],"mvg":["LINKUSDT","15:44:08",0]},{"rsi":["LTCUSDT","15:44:08",0],"stoch_rsi":["LTCUSDT","15:44:08",0],"macd":["LTCUSDT","15:44:08",0],"bollinger_bands":["LTCUSDT","15:44:08",0],"mvg":["LTCUSDT","15:44:08",0]}]
[2024-11-08T15:44:30.971+0000] {taskinstance.py:340} INFO - ::group::Post task execution logs
[2024-11-08T15:44:30.972+0000] {taskinstance.py:352} INFO - Marking task as SUCCESS. dag_id=strata-lab-1-v00, task_id=check_alerts, run_id=scheduled__2024-11-08T15:43:00+00:00, execution_date=20241108T154300, start_date=20241108T154407, end_date=20241108T154430
[2024-11-08T15:44:30.980+0000] {logging_mixin.py:190} INFO - Task instance in success state
[2024-11-08T15:44:30.980+0000] {logging_mixin.py:190} INFO -  Previous state of the Task instance: running
[2024-11-08T15:44:30.980+0000] {logging_mixin.py:190} INFO - Dag name:strata-lab-1-v00 queued_at:2024-11-08 15:44:00.565283+00:00
[2024-11-08T15:44:30.980+0000] {logging_mixin.py:190} INFO - Task hostname:836a99166ce4 operator:_PythonDecoratedOperator
[2024-11-08T15:44:30.991+0000] {local_task_job_runner.py:266} INFO - Task exited with return code 0
[2024-11-08T15:44:31.014+0000] {taskinstance.py:3895} INFO - 1 downstream tasks scheduled from follow-on schedule check
[2024-11-08T15:44:31.016+0000] {local_task_job_runner.py:245} INFO - ::endgroup::
