[2024-11-08T14:55:50.899+0000] {local_task_job_runner.py:123} INFO - ::group::Pre task execution logs
[2024-11-08T14:55:50.904+0000] {taskinstance.py:2613} INFO - Dependencies all met for dep_context=non-requeueable deps ti=<TaskInstance: strata-lab-1-v01.export_signals_to_s3 scheduled__2024-11-08T14:54:00+00:00 [queued]>
[2024-11-08T14:55:50.906+0000] {taskinstance.py:2613} INFO - Dependencies all met for dep_context=requeueable deps ti=<TaskInstance: strata-lab-1-v01.export_signals_to_s3 scheduled__2024-11-08T14:54:00+00:00 [queued]>
[2024-11-08T14:55:50.906+0000] {taskinstance.py:2866} INFO - Starting attempt 1 of 1
[2024-11-08T14:55:50.910+0000] {taskinstance.py:2889} INFO - Executing <Task(_PythonDecoratedOperator): export_signals_to_s3> on 2024-11-08 14:54:00+00:00
[2024-11-08T14:55:50.915+0000] {standard_task_runner.py:104} INFO - Running: ['***', 'tasks', 'run', 'strata-lab-1-v01', 'export_signals_to_s3', 'scheduled__2024-11-08T14:54:00+00:00', '--job-id', '9', '--raw', '--subdir', 'DAGS_FOLDER/main.py', '--cfg-path', '/tmp/tmpcjdc1lcg']
[2024-11-08T14:55:50.916+0000] {logging_mixin.py:190} WARNING - /home/***/.local/lib/python3.12/site-packages/***/task/task_runner/standard_task_runner.py:70 DeprecationWarning: This process (pid=6369) is multi-threaded, use of fork() may lead to deadlocks in the child.
[2024-11-08T14:55:50.916+0000] {standard_task_runner.py:105} INFO - Job 9: Subtask export_signals_to_s3
[2024-11-08T14:55:50.917+0000] {standard_task_runner.py:72} INFO - Started process 6370 to run task
[2024-11-08T14:55:50.942+0000] {task_command.py:467} INFO - Running <TaskInstance: strata-lab-1-v01.export_signals_to_s3 scheduled__2024-11-08T14:54:00+00:00 [running]> on host 836a99166ce4
[2024-11-08T14:55:50.976+0000] {taskinstance.py:3132} INFO - Exporting env vars: AIRFLOW_CTX_DAG_OWNER='***' AIRFLOW_CTX_DAG_ID='strata-lab-1-v01' AIRFLOW_CTX_TASK_ID='export_signals_to_s3' AIRFLOW_CTX_EXECUTION_DATE='2024-11-08T14:54:00+00:00' AIRFLOW_CTX_TRY_NUMBER='1' AIRFLOW_CTX_DAG_RUN_ID='scheduled__2024-11-08T14:54:00+00:00'
[2024-11-08T14:55:50.977+0000] {logging_mixin.py:190} INFO - Task instance is in running state
[2024-11-08T14:55:50.977+0000] {logging_mixin.py:190} INFO -  Previous state of the Task instance: queued
[2024-11-08T14:55:50.977+0000] {logging_mixin.py:190} INFO - Current task name:export_signals_to_s3 state:running start_date:2024-11-08 14:55:50.904461+00:00
[2024-11-08T14:55:50.977+0000] {logging_mixin.py:190} INFO - Dag name:strata-lab-1-v01 and current dag run status:running
[2024-11-08T14:55:50.977+0000] {taskinstance.py:731} INFO - ::endgroup::
[2024-11-08T14:55:51.101+0000] {logging_mixin.py:190} WARNING - /opt/***/dags/main.py:63 FutureWarning: Passing literal json to 'read_json' is deprecated and will be removed in a future version. To read from a literal string, wrap it in a 'StringIO' object.
[2024-11-08T14:55:51.746+0000] {logging_mixin.py:190} INFO - Error reading S3 file: An error occurred (SignatureDoesNotMatch) when calling the GetObject operation: The request signature we calculated does not match the signature you provided. Check your key and signing method.
[2024-11-08T14:55:51.752+0000] {python.py:240} INFO - Done. Returned value was: None
[2024-11-08T14:55:51.768+0000] {taskinstance.py:340} INFO - ::group::Post task execution logs
[2024-11-08T14:55:51.769+0000] {taskinstance.py:352} INFO - Marking task as SUCCESS. dag_id=strata-lab-1-v01, task_id=export_signals_to_s3, run_id=scheduled__2024-11-08T14:54:00+00:00, execution_date=20241108T145400, start_date=20241108T145550, end_date=20241108T145551
[2024-11-08T14:55:51.793+0000] {logging_mixin.py:190} INFO - Task instance in success state
[2024-11-08T14:55:51.797+0000] {logging_mixin.py:190} INFO -  Previous state of the Task instance: running
[2024-11-08T14:55:51.799+0000] {logging_mixin.py:190} INFO - Dag name:strata-lab-1-v01 queued_at:2024-11-08 14:55:25.819566+00:00
[2024-11-08T14:55:51.799+0000] {logging_mixin.py:190} INFO - Task hostname:836a99166ce4 operator:_PythonDecoratedOperator
[2024-11-08T14:55:51.838+0000] {local_task_job_runner.py:266} INFO - Task exited with return code 0
[2024-11-08T14:55:51.861+0000] {taskinstance.py:3895} INFO - 0 downstream tasks scheduled from follow-on schedule check
[2024-11-08T14:55:51.862+0000] {local_task_job_runner.py:245} INFO - ::endgroup::
