[2024-11-08T15:52:02.971+0000] {local_task_job_runner.py:123} INFO - ::group::Pre task execution logs
[2024-11-08T15:52:03.042+0000] {taskinstance.py:2613} INFO - Dependencies all met for dep_context=non-requeueable deps ti=<TaskInstance: strata-lab-1-v00.read_signals_from_s3 scheduled__2024-11-08T15:51:00+00:00 [queued]>
[2024-11-08T15:52:03.071+0000] {taskinstance.py:2613} INFO - Dependencies all met for dep_context=requeueable deps ti=<TaskInstance: strata-lab-1-v00.read_signals_from_s3 scheduled__2024-11-08T15:51:00+00:00 [queued]>
[2024-11-08T15:52:03.072+0000] {taskinstance.py:2866} INFO - Starting attempt 1 of 1
[2024-11-08T15:52:03.121+0000] {taskinstance.py:2889} INFO - Executing <Task(_PythonDecoratedOperator): read_signals_from_s3> on 2024-11-08 15:51:00+00:00
[2024-11-08T15:52:03.190+0000] {logging_mixin.py:190} WARNING - /home/***/.local/lib/python3.12/site-packages/***/task/task_runner/standard_task_runner.py:70 DeprecationWarning: This process (pid=9421) is multi-threaded, use of fork() may lead to deadlocks in the child.
[2024-11-08T15:52:03.200+0000] {standard_task_runner.py:72} INFO - Started process 9482 to run task
[2024-11-08T15:52:03.197+0000] {standard_task_runner.py:104} INFO - Running: ['***', 'tasks', 'run', 'strata-lab-1-v00', 'read_signals_from_s3', 'scheduled__2024-11-08T15:51:00+00:00', '--job-id', '78', '--raw', '--subdir', 'DAGS_FOLDER/main.py', '--cfg-path', '/tmp/tmpt0k77j_3']
[2024-11-08T15:52:03.203+0000] {standard_task_runner.py:105} INFO - Job 78: Subtask read_signals_from_s3
[2024-11-08T15:52:03.351+0000] {task_command.py:467} INFO - Running <TaskInstance: strata-lab-1-v00.read_signals_from_s3 scheduled__2024-11-08T15:51:00+00:00 [running]> on host 836a99166ce4
[2024-11-08T15:52:03.523+0000] {taskinstance.py:3132} INFO - Exporting env vars: AIRFLOW_CTX_DAG_OWNER='***' AIRFLOW_CTX_DAG_ID='strata-lab-1-v00' AIRFLOW_CTX_TASK_ID='read_signals_from_s3' AIRFLOW_CTX_EXECUTION_DATE='2024-11-08T15:51:00+00:00' AIRFLOW_CTX_TRY_NUMBER='1' AIRFLOW_CTX_DAG_RUN_ID='scheduled__2024-11-08T15:51:00+00:00'
[2024-11-08T15:52:03.526+0000] {logging_mixin.py:190} INFO - Task instance is in running state
[2024-11-08T15:52:03.528+0000] {logging_mixin.py:190} INFO -  Previous state of the Task instance: queued
[2024-11-08T15:52:03.529+0000] {logging_mixin.py:190} INFO - Current task name:read_signals_from_s3 state:running start_date:2024-11-08 15:52:03.047235+00:00
[2024-11-08T15:52:03.529+0000] {logging_mixin.py:190} INFO - Dag name:strata-lab-1-v00 and current dag run status:running
[2024-11-08T15:52:03.529+0000] {taskinstance.py:731} INFO - ::endgroup::
[2024-11-08T15:52:04.680+0000] {python.py:240} INFO - Done. Returned value was: rsi,stoch_rsi,macd,bollinger_bands,mvg
"['BTCUSDT', '15:36:59', 0]","['BTCUSDT', '15:36:59', 0]","['BTCUSDT', '15:36:59', 0]","['BTCUSDT', '15:36:59', 0]","['BTCUSDT', '15:36:59', 0]"
"['ETHUSDT', '15:36:59', 0]","['ETHUSDT', '15:36:59', 0]","['ETHUSDT', '15:36:59', 0]","['ETHUSDT', '15:36:59', 0]","['ETHUSDT', '15:36:59', 0]"
"['BNBUSDT', '15:36:59', 0]","['BNBUSDT', '15:36:59', 1]","['BNBUSDT', '15:36:59', 0]","['BNBUSDT', '15:36:59', 0]","['BNBUSDT', '15:36:59', 0]"
"['ADAUSDT', '15:36:59', 0]","['ADAUSDT', '15:36:59', 0]","['ADAUSDT', '15:36:59', 0]","['ADAUSDT', '15:36:59', 0]","['ADAUSDT', '15:36:59', 0]"
"['XRPUSDT', '15:36:59', 0]","['XRPUSDT', '15:36:59', 0]","['XRPUSDT', '15:36:59', 0]","['XRPUSDT', '15:36:59', 0]","['XRPUSDT', '15:36:59', 0]"
"['SOLUSDT', '15:36:59', 0]","['SOLUSDT', '15:36:59', 0]","['SOLUSDT', '15:36:59', 2]","['SOLUSDT', '15:36:59', 0]","['SOLUSDT', '15:36:59', 0]"
"['DOTUSDT', '15:36:59', 0]","['DOTUSDT', '15:36:59', 0]","['DOTUSDT', '15:36:59', 0]","['DOTUSDT', '15:36:59', 0]","['DOTUSDT', '15:36:59', 0]"
"['DOGEUSDT', '15:36:59', 0]","['DOGEUSDT', '15:36:59', 0]","['DOGEUSDT', '15:36:59', 0]","['DOGEUSDT', '15:36:59', 0]","['DOGEUSDT', '15:36:59', 0]"
"['LINKUSDT', '15:36:59', 0]","['LINKUSDT', '15:36:59', 0]","['LINKUSDT', '15:36:59', 0]","['LINKUSDT', '15:36:59', 0]","['LINKUSDT', '15:36:59', 2]"
"['LTCUSDT', '15:36:59', 0]","['LTCUSDT', '15:36:59', 0]","['LTCUSDT', '15:36:59', 2]","['LTCUSDT', '15:36:59', 0]","['LTCUSDT', '15:36:59', 0]"
"['BTCUSDT', '15:37:30', 0]","['BTCUSDT', '15:37:30', 0]","['BTCUSDT', '15:37:30', 0]","['BTCUSDT', '15:37:30', 0]","['BTCUSDT', '15:37:30', 0]"
"['ETHUSDT', '15:37:30', 0]","['ETHUSDT', '15:37:30', 0]","['ETHUSDT', '15:37:30', 0]","['ETHUSDT', '15:37:30', 0]","['ETHUSDT', '15:37:30', 0]"
"['BNBUSDT', '15:37:30', 0]","['BNBUSDT', '15:37:30', 1]","['BNBUSDT', '15:37:30', 0]","['BNBUSDT', '15:37:30', 0]","['BNBUSDT', '15:37:30', 2]"
"['ADAUSDT', '15:37:30', 0]","['ADAUSDT', '15:37:30', 0]","['ADAUSDT', '15:37:30', 0]","['ADAUSDT', '15:37:30', 0]","['ADAUSDT', '15:37:30', 0]"
"['XRPUSDT', '15:37:30', 0]","['XRPUSDT', '15:37:30', 0]","['XRPUSDT', '15:37:30', 0]","['XRPUSDT', '15:37:30', 0]","['XRPUSDT', '15:37:30', 2]"
"['SOLUSDT', '15:37:30', 0]","['SOLUSDT', '15:37:30', 0]","['SOLUSDT', '15:37:30', 2]","['SOLUSDT', '15:37:30', 0]","['SOLUSDT', '15:37:30', 0]"
"['DOTUSDT', '15:37:30', 0]","['DOTUSDT', '15:37:30', 0]","['DOTUSDT', '15:37:30', 0]","['DOTUSDT', '15:37:30', 0]","['DOTUSDT', '15:37:30', 0]"
"['DOGEUSDT', '15:37:30', 0]","['DOGEUSDT', '15:37:30', 0]","['DOGEUSDT', '15:37:30', 0]","['DOGEUSDT', '15:37:30', 0]","['DOGEUSDT', '15:37:30', 0]"
"['LINKUSDT', '15:37:30', 0]","['LINKUSDT', '15:37:30', 0]","['LINKUSDT', '15:37:30', 0]","['LINKUSDT', '15:37:30', 0]","['LINKUSDT', '15:37:30', 0]"
"['LTCUSDT', '15:37:30', 0]","['LTCUSDT', '15:37:30', 0]","['LTCUSDT', '15:37:30', 0]","['LTCUSDT', '15:37:30', 0]","['LTCUSDT', '15:37:30', 0]"
"['BTCUSDT', '15:38:23', 0]","['BTCUSDT', '15:38:23', 0]","['BTCUSDT', '15:38:23', 0]","['BTCUSDT', '15:38:23', 0]","['BTCUSDT', '15:38:23', 0]"
"['ETHUSDT', '15:38:23', 0]","['ETHUSDT', '15:38:23', 1]","['ETHUSDT', '15:38:23', 0]","['ETHUSDT', '15:38:23', 0]","['ETHUSDT', '15:38:23', 0]"
"['BNBUSDT', '15:38:23', 0]","['BNBUSDT', '15:38:23', 0]","['BNBUSDT', '15:38:23', 0]","['BNBUSDT', '15:38:23', 0]","['BNBUSDT', '15:38:23', 2]"
"['ADAUSDT', '15:38:23', 0]","['ADAUSDT', '15:38:23', 0]","['ADAUSDT', '15:38:23', 0]","['ADAUSDT', '15:38:23', 0]","['ADAUSDT', '15:38:23', 0]"
"['XRPUSDT', '15:38:23', 0]","['XRPUSDT', '15:38:23', 0]","['XRPUSDT', '15:38:23', 0]","['XRPUSDT', '15:38:23', 0]","['XRPUSDT', '15:38:23', 2]"
"['SOLUSDT', '15:38:23', 0]","['SOLUSDT', '15:38:23', 0]","['SOLUSDT', '15:38:23', 0]","['SOLUSDT', '15:38:23', 0]","['SOLUSDT', '15:38:23', 0]"
"['DOTUSDT', '15:38:23', 0]","['DOTUSDT', '15:38:23', 0]","['DOTUSDT', '15:38:23', 0]","['DOTUSDT', '15:38:23', 0]","['DOTUSDT', '15:38:23', 0]"
"['DOGEUSDT', '15:38:23', 0]","['DOGEUSDT', '15:38:23', 0]","['DOGEUSDT', '15:38:23', 0]","['DOGEUSDT', '15:38:23', 0]","['DOGEUSDT', '15:38:23', 0]"
"['LINKUSDT', '15:38:23', 0]","['LINKUSDT', '15:38:23', 0]","['LINKUSDT', '15:38:23', 0]","['LINKUSDT', '15:38:23', 0]","['LINKUSDT', '15:38:23', 0]"
"['LTCUSDT', '15:38:23', 0]","['LTCUSDT', '15:38:23', 0]","['LTCUSDT', '15:38:23', 2]","['LTCUSDT', '15:38:23', 0]","['LTCUSDT', '15:38:23', 0]"
"['BTCUSDT', '15:39:02', 0]","['BTCUSDT', '15:39:02', 0]","['BTCUSDT', '15:39:02', 0]","['BTCUSDT', '15:39:02', 0]","['BTCUSDT', '15:39:02', 0]"
"['ETHUSDT', '15:39:02', 0]","['ETHUSDT', '15:39:02', 0]","['ETHUSDT', '15:39:02', 0]","['ETHUSDT', '15:39:02', 0]","['ETHUSDT', '15:39:02', 0]"
"['BNBUSDT', '15:39:02', 0]","['BNBUSDT', '15:39:02', 0]","['BNBUSDT', '15:39:02', 0]","['BNBUSDT', '15:39:02', 0]","['BNBUSDT', '15:39:02', 0]"
"['ADAUSDT', '15:39:02', 0]","['ADAUSDT', '15:39:02', 0]","['ADAUSDT', '15:39:02', 0]","['ADAUSDT', '15:39:02', 0]","['ADAUSDT', '15:39:02', 0]"
"['XRPUSDT', '15:39:02', 0]","['XRPUSDT', '15:39:02', 1]","['XRPUSDT', '15:39:02', 0]","['XRPUSDT', '15:39:02', 0]","['XRPUSDT', '15:39:02', 0]"
"['SOLUSDT', '15:39:02', 0]","['SOLUSDT', '15:39:02', 0]","['SOLUSDT', '15:39:02', 0]","['SOLUSDT', '15:39:02', 0]","['SOLUSDT', '15:39:02', 0]"
"['DOTUSDT', '15:39:02', 0]","['DOTUSDT', '15:39:02', 0]","['DOTUSDT', '15:39:02', 0]","['DOTUSDT', '15:39:02', 0]","['DOTUSDT', '15:39:02', 0]"
"['DOGEUSDT', '15:39:02', 0]","['DOGEUSDT', '15:39:02', 0]","['DOGEUSDT', '15:39:02', 0]","['DOGEUSDT', '15:39:02', 0]","['DOGEUSDT', '15:39:02', 2]"
"['LINKUSDT', '15:39:02', 0]","['LINKUSDT', '15:39:02', 0]","['LINKUSDT', '15:39:02', 0]","['LINKUSDT', '15:39:02', 0]","['LINKUSDT', '15:39:02', 0]"
"['LTCUSDT', '15:39:02', 0]","['LTCUSDT', '15:39:02', 0]","['LTCUSDT', '15:39:02', 2]","['LTCUSDT', '15:39:02', 0]","['LTCUSDT', '15:39:02', 0]"
"['BTCUSDT', '15:40:56', 0]","['BTCUSDT', '15:40:56', 0]","['BTCUSDT', '15:40:56', 0]","['BTCUSDT', '15:40:56', 0]","['BTCUSDT', '15:40:56', 0]"
"['ETHUSDT', '15:40:56', 0]","['ETHUSDT', '15:40:56', 0]","['ETHUSDT', '15:40:56', 0]","['ETHUSDT', '15:40:56', 0]","['ETHUSDT', '15:40:56', 0]"
"['BNBUSDT', '15:40:56', 0]","['BNBUSDT', '15:40:56', 0]","['BNBUSDT', '15:40:56', 0]","['BNBUSDT', '15:40:56', 0]","['BNBUSDT', '15:40:56', 0]"
"['ADAUSDT', '15:40:56', 0]","['ADAUSDT', '15:40:56', 0]","['ADAUSDT', '15:40:56', 0]","['ADAUSDT', '15:40:56', 2]","['ADAUSDT', '15:40:56', 0]"
"['XRPUSDT', '15:40:56', 0]","['XRPUSDT', '15:40:56', 0]","['XRPUSDT', '15:40:56', 0]","['XRPUSDT', '15:40:56', 0]","['XRPUSDT', '15:40:56', 0]"
"['SOLUSDT', '15:40:56', 0]","['SOLUSDT', '15:40:56', 1]","['SOLUSDT', '15:40:56', 0]","['SOLUSDT', '15:40:56', 0]","['SOLUSDT', '15:40:56', 2]"
"['DOTUSDT', '15:40:56', 0]","['DOTUSDT', '15:40:56', 0]","['DOTUSDT', '15:40:56', 0]","['DOTUSDT', '15:40:56', 0]","['DOTUSDT', '15:40:56', 0]"
"['DOGEUSDT', '15:40:56', 0]","['DOGEUSDT', '15:40:56', 0]","['DOGEUSDT', '15:40:56', 0]","['DOGEUSDT', '15:40:56', 0]","['DOGEUSDT', '15:40:56', 0]"
"['LINKUSDT', '15:40:56', 0]","['LINKUSDT', '15:40:56', 0]","['LINKUSDT', '15:40:56', 0]","['LINKUSDT', '15:40:56', 0]","['LINKUSDT', '15:40:56', 0]"
"['LTCUSDT', '15:40:56', 0]","['LTCUSDT', '15:40:56', 0]","['LTCUSDT', '15:40:56', 0]","['LTCUSDT', '15:40:56', 2]","['LTCUSDT', '15:40:56', 0]"
"['BTCUSDT', '15:41:26', 0]","['BTCUSDT', '15:41:26', 0]","['BTCUSDT', '15:41:26', 0]","['BTCUSDT', '15:41:26', 0]","['BTCUSDT', '15:41:26', 0]"
"['ETHUSDT', '15:41:26', 0]","['ETHUSDT', '15:41:26', 0]","['ETHUSDT', '15:41:26', 0]","['ETHUSDT', '15:41:26', 0]","['ETHUSDT', '15:41:26', 0]"
"['BNBUSDT', '15:41:26', 0]","['BNBUSDT', '15:41:26', 0]","['BNBUSDT', '15:41:26', 0]","['BNBUSDT', '15:41:26', 0]","['BNBUSDT', '15:41:26', 0]"
"['ADAUSDT', '15:41:26', 0]","['ADAUSDT', '15:41:26', 0]","['ADAUSDT', '15:41:26', 0]","['ADAUSDT', '15:41:26', 2]","['ADAUSDT', '15:41:26', 0]"
"['XRPUSDT', '15:41:26', 0]","['XRPUSDT', '15:41:26', 0]","['XRPUSDT', '15:41:26', 0]","['XRPUSDT', '15:41:26', 0]","['XRPUSDT', '15:41:26', 0]"
"['SOLUSDT', '15:41:26', 0]","['SOLUSDT', '15:41:26', 1]","['SOLUSDT', '15:41:26', 0]","['SOLUSDT', '15:41:26', 0]","['SOLUSDT', '15:41:26', 2]"
"['DOTUSDT', '15:41:26', 0]","['DOTUSDT', '15:41:26', 0]","['DOTUSDT', '15:41:26', 0]","['DOTUSDT', '15:41:26', 0]","['DOTUSDT', '15:41:26', 0]"
"['DOGEUSDT', '15:41:26', 0]","['DOGEUSDT', '15:41:26', 0]","['DOGEUSDT', '15:41:26', 0]","['DOGEUSDT', '15:41:26', 0]","['DOGEUSDT', '15:41:26', 0]"
"['LINKUSDT', '15:41:26', 0]","['LINKUSDT', '15:41:26', 0]","['LINKUSDT', '15:41:26', 0]","['LINKUSDT', '15:41:26', 0]","['LINKUSDT', '15:41:26', 0]"
"['LTCUSDT', '15:41:26', 0]","['LTCUSDT', '15:41:26', 0]","['LTCUSDT', '15:41:26', 0]","['LTCUSDT', '15:41:26', 2]","['LTCUSDT', '15:41:26', 0]"
"['BTCUSDT', '15:42:01', 0]","['BTCUSDT', '15:42:01', 0]","['BTCUSDT', '15:42:01', 0]","['BTCUSDT', '15:42:01', 0]","['BTCUSDT', '15:42:01', 2]"
"['ETHUSDT', '15:42:01', 0]","['ETHUSDT', '15:42:01', 0]","['ETHUSDT', '15:42:01', 0]","['ETHUSDT', '15:42:01', 0]","['ETHUSDT', '15:42:01', 0]"
"['BNBUSDT', '15:42:01', 0]","['BNBUSDT', '15:42:01', 0]","['BNBUSDT', '15:42:01', 0]","['BNBUSDT', '15:42:01', 0]","['BNBUSDT', '15:42:01', 0]"
"['ADAUSDT', '15:42:01', 0]","['ADAUSDT', '15:42:01', 0]","['ADAUSDT', '15:42:01', 0]","['ADAUSDT', '15:42:01', 2]","['ADAUSDT', '15:42:01', 0]"
"['XRPUSDT', '15:42:01', 0]","['XRPUSDT', '15:42:01', 0]","['XRPUSDT', '15:42:01', 0]","['XRPUSDT', '15:42:01', 0]","['XRPUSDT', '15:42:01', 0]"
"['SOLUSDT', '15:42:01', 0]","['SOLUSDT', '15:42:01', 0]","['SOLUSDT', '15:42:01', 0]","['SOLUSDT', '15:42:01', 0]","['SOLUSDT', '15:42:01', 0]"
"['DOTUSDT', '15:42:01', 0]","['DOTUSDT', '15:42:01', 0]","['DOTUSDT', '15:42:01', 0]","['DOTUSDT', '15:42:01', 0]","['DOTUSDT', '15:42:01', 0]"
"['DOGEUSDT', '15:42:01', 0]","['DOGEUSDT', '15:42:01', 0]","['DOGEUSDT', '15:42:01', 0]","['DOGEUSDT', '15:42:01', 0]","['DOGEUSDT', '15:42:01', 0]"
"['LINKUSDT', '15:42:01', 0]","['LINKUSDT', '15:42:01', 0]","['LINKUSDT', '15:42:01', 0]","['LINKUSDT', '15:42:01', 0]","['LINKUSDT', '15:42:01', 0]"
"['LTCUSDT', '15:42:01', 0]","['LTCUSDT', '15:42:01', 0]","['LTCUSDT', '15:42:01', 0]","['LTCUSDT', '15:42:01', 2]","['LTCUSDT', '15:42:01', 0]"
"['BTCUSDT', '15:43:01', 0]","['BTCUSDT', '15:43:01', 0]","['BTCUSDT', '15:43:01', 0]","['BTCUSDT', '15:43:01', 0]","['BTCUSDT', '15:43:01', 0]"
"['ETHUSDT', '15:43:01', 0]","['ETHUSDT', '15:43:01', 0]","['ETHUSDT', '15:43:01', 0]","['ETHUSDT', '15:43:01', 0]","['ETHUSDT', '15:43:01', 0]"
"['BNBUSDT', '15:43:01', 0]","['BNBUSDT', '15:43:01', 0]","['BNBUSDT', '15:43:01', 0]","['BNBUSDT', '15:43:01', 0]","['BNBUSDT', '15:43:01', 0]"
"['ADAUSDT', '15:43:01', 2]","['ADAUSDT', '15:43:01', 0]","['ADAUSDT', '15:43:01', 0]","['ADAUSDT', '15:43:01', 2]","['ADAUSDT', '15:43:01', 0]"
"['XRPUSDT', '15:43:01', 0]","['XRPUSDT', '15:43:01', 0]","['XRPUSDT', '15:43:01', 0]","['XRPUSDT', '15:43:01', 0]","['XRPUSDT', '15:43:01', 0]"
"['SOLUSDT', '15:43:01', 0]","['SOLUSDT', '15:43:01', 0]","['SOLUSDT', '15:43:01', 0]","['SOLUSDT', '15:43:01', 0]","['SOLUSDT', '15:43:01', 0]"
"['DOTUSDT', '15:43:01', 0]","['DOTUSDT', '15:43:01', 0]","['DOTUSDT', '15:43:01', 0]","['DOTUSDT', '15:43:01', 0]","['DOTUSDT', '15:43:01', 0]"
"['DOGEUSDT', '15:43:01', 0]","['DOGEUSDT', '15:43:01', 0]","['DOGEUSDT', '15:43:01', 0]","['DOGEUSDT', '15:43:01', 0]","['DOGEUSDT', '15:43:01', 0]"
"['LINKUSDT', '15:43:01', 0]","['LINKUSDT', '15:43:01', 0]","['LINKUSDT', '15:43:01', 0]","['LINKUSDT', '15:43:01', 0]","['LINKUSDT', '15:43:01', 0]"
"['LTCUSDT', '15:43:01', 0]","['LTCUSDT', '15:43:01', 0]","['LTCUSDT', '15:43:01', 0]","['LTCUSDT', '15:43:01', 0]","['LTCUSDT', '15:43:01', 0]"
"['BTCUSDT', '15:44:08', 0]","['BTCUSDT', '15:44:08', 0]","['BTCUSDT', '15:44:08', 0]","['BTCUSDT', '15:44:08', 0]","['BTCUSDT', '15:44:08', 0]"
"['ETHUSDT', '15:44:08', 0]","['ETHUSDT', '15:44:08', 0]","['ETHUSDT', '15:44:08', 0]","['ETHUSDT', '15:44:08', 0]","['ETHUSDT', '15:44:08', 2]"
"['BNBUSDT', '15:44:08', 0]","['BNBUSDT', '15:44:08', 0]","['BNBUSDT', '15:44:08', 0]","['BNBUSDT', '15:44:08', 0]","['BNBUSDT', '15:44:08', 0]"
"['ADAUSDT', '15:44:08', 2]","['ADAUSDT', '15:44:08', 0]","['ADAUSDT', '15:44:08', 0]","['ADAUSDT', '15:44:08', 2]","['ADAUSDT', '15:44:08', 0]"
"['XRPUSDT', '15:44:08', 0]","['XRPUSDT', '15:44:08', 0]","['XRPUSDT', '15:44:08', 0]","['XRPUSDT', '15:44:08', 0]","['XRPUSDT', '15:44:08', 0]"
"['SOLUSDT', '15:44:08', 0]","['SOLUSDT', '15:44:08', 0]","['SOLUSDT', '15:44:08', 0]","['SOLUSDT', '15:44:08', 0]","['SOLUSDT', '15:44:08', 0]"
"['DOTUSDT', '15:44:08', 0]","['DOTUSDT', '15:44:08', 0]","['DOTUSDT', '15:44:08', 0]","['DOTUSDT', '15:44:08', 0]","['DOTUSDT', '15:44:08', 0]"
"['DOGEUSDT', '15:44:08', 0]","['DOGEUSDT', '15:44:08', 0]","['DOGEUSDT', '15:44:08', 0]","['DOGEUSDT', '15:44:08', 0]","['DOGEUSDT', '15:44:08', 0]"
"['LINKUSDT', '15:44:08', 0]","['LINKUSDT', '15:44:08', 0]","['LINKUSDT', '15:44:08', 0]","['LINKUSDT', '15:44:08', 0]","['LINKUSDT', '15:44:08', 0]"
"['LTCUSDT', '15:44:08', 0]","['LTCUSDT', '15:44:08', 0]","['LTCUSDT', '15:44:08', 0]","['LTCUSDT', '15:44:08', 0]","['LTCUSDT', '15:44:08', 0]"
"['BTCUSDT', '15:45:01', 0]","['BTCUSDT', '15:45:01', 0]","['BTCUSDT', '15:45:01', 0]","['BTCUSDT', '15:45:01', 0]","['BTCUSDT', '15:45:01', 0]"
"['ETHUSDT', '15:45:01', 0]","['ETHUSDT', '15:45:01', 0]","['ETHUSDT', '15:45:01', 0]","['ETHUSDT', '15:45:01', 0]","['ETHUSDT', '15:45:01', 0]"
"['BNBUSDT', '15:45:01', 0]","['BNBUSDT', '15:45:01', 0]","['BNBUSDT', '15:45:01', 0]","['BNBUSDT', '15:45:01', 1]","['BNBUSDT', '15:45:01', 0]"
"['ADAUSDT', '15:45:01', 0]","['ADAUSDT', '15:45:01', 0]","['ADAUSDT', '15:45:01', 0]","['ADAUSDT', '15:45:01', 0]","['ADAUSDT', '15:45:01', 0]"
"['XRPUSDT', '15:45:01', 0]","['XRPUSDT', '15:45:01', 0]","['XRPUSDT', '15:45:01', 0]","['XRPUSDT', '15:45:01', 0]","['XRPUSDT', '15:45:01', 0]"
"['SOLUSDT', '15:45:01', 0]","['SOLUSDT', '15:45:01', 0]","['SOLUSDT', '15:45:01', 0]","['SOLUSDT', '15:45:01', 1]","['SOLUSDT', '15:45:01', 0]"
"['DOTUSDT', '15:45:01', 0]","['DOTUSDT', '15:45:01', 0]","['DOTUSDT', '15:45:01', 0]","['DOTUSDT', '15:45:01', 0]","['DOTUSDT', '15:45:01', 0]"
"['DOGEUSDT', '15:45:01', 0]","['DOGEUSDT', '15:45:01', 0]","['DOGEUSDT', '15:45:01', 0]","['DOGEUSDT', '15:45:01', 0]","['DOGEUSDT', '15:45:01', 0]"
"['LINKUSDT', '15:45:01', 0]","['LINKUSDT', '15:45:01', 0]","['LINKUSDT', '15:45:01', 0]","['LINKUSDT', '15:45:01', 0]","['LINKUSDT', '15:45:01', 0]"
"['LTCUSDT', '15:45:01', 0]","['LTCUSDT', '15:45:01', 0]","['LTCUSDT', '15:45:01', 2]","['LTCUSDT', '15:45:01', 0]","['LTCUSDT', '15:45:01', 0]"
"['BTCUSDT', '15:46:01', 0]","['BTCUSDT', '15:46:01', 0]","['BTCUSDT', '15:46:01', 0]","['BTCUSDT', '15:46:01', 1]","['BTCUSDT', '15:46:01', 0]"
"['ETHUSDT', '15:46:01', 0]","['ETHUSDT', '15:46:01', 0]","['ETHUSDT', '15:46:01', 0]","['ETHUSDT', '15:46:01', 1]","['ETHUSDT', '15:46:01', 0]"
"['BNBUSDT', '15:46:01', 0]","['BNBUSDT', '15:46:01', 0]","['BNBUSDT', '15:46:01', 0]","['BNBUSDT', '15:46:01', 1]","['BNBUSDT', '15:46:01', 0]"
"['ADAUSDT', '15:46:01', 0]","['ADAUSDT', '15:46:01', 0]","['ADAUSDT', '15:46:01', 0]","['ADAUSDT', '15:46:01', 0]","['ADAUSDT', '15:46:01', 0]"
"['XRPUSDT', '15:46:01', 0]","['XRPUSDT', '15:46:01', 0]","['XRPUSDT', '15:46:01', 0]","['XRPUSDT', '15:46:01', 1]","['XRPUSDT', '15:46:01', 0]"
"['SOLUSDT', '15:46:01', 0]","['SOLUSDT', '15:46:01', 0]","['SOLUSDT', '15:46:01', 0]","['SOLUSDT', '15:46:01', 1]","['SOLUSDT', '15:46:01', 0]"
"['DOTUSDT', '15:46:01', 0]","['DOTUSDT', '15:46:01', 0]","['DOTUSDT', '15:46:01', 0]","['DOTUSDT', '15:46:01', 0]","['DOTUSDT', '15:46:01', 0]"
"['DOGEUSDT', '15:46:01', 0]","['DOGEUSDT', '15:46:01', 0]","['DOGEUSDT', '15:46:01', 0]","['DOGEUSDT', '15:46:01', 0]","['DOGEUSDT', '15:46:01', 0]"
"['LINKUSDT', '15:46:01', 0]","['LINKUSDT', '15:46:01', 0]","['LINKUSDT', '15:46:01', 0]","['LINKUSDT', '15:46:01', 0]","['LINKUSDT', '15:46:01', 0]"
"['LTCUSDT', '15:46:01', 0]","['LTCUSDT', '15:46:01', 0]","['LTCUSDT', '15:46:01', 0]","['LTCUSDT', '15:46:01', 0]","['LTCUSDT', '15:46:01', 0]"
"['BTCUSDT', '15:47:02', 0]","['BTCUSDT', '15:47:02', 0]","['BTCUSDT', '15:47:02', 0]","['BTCUSDT', '15:47:02', 1]","['BTCUSDT', '15:47:02', 0]"
"['ETHUSDT', '15:47:02', 0]","['ETHUSDT', '15:47:02', 0]","['ETHUSDT', '15:47:02', 0]","['ETHUSDT', '15:47:02', 1]","['ETHUSDT', '15:47:02', 0]"
"['BNBUSDT', '15:47:02', 1]","['BNBUSDT', '15:47:02', 0]","['BNBUSDT', '15:47:02', 0]","['BNBUSDT', '15:47:02', 1]","['BNBUSDT', '15:47:02', 0]"
"['ADAUSDT', '15:47:02', 0]","['ADAUSDT', '15:47:02', 0]","['ADAUSDT', '15:47:02', 2]","['ADAUSDT', '15:47:02', 0]","['ADAUSDT', '15:47:02', 0]"
"['XRPUSDT', '15:47:02', 1]","['XRPUSDT', '15:47:02', 0]","['XRPUSDT', '15:47:02', 0]","['XRPUSDT', '15:47:02', 1]","['XRPUSDT', '15:47:02', 0]"
"['SOLUSDT', '15:47:02', 0]","['SOLUSDT', '15:47:02', 1]","['SOLUSDT', '15:47:02', 0]","['SOLUSDT', '15:47:02', 1]","['SOLUSDT', '15:47:02', 0]"
"['DOTUSDT', '15:47:02', 0]","['DOTUSDT', '15:47:02', 0]","['DOTUSDT', '15:47:02', 0]","['DOTUSDT', '15:47:02', 0]","['DOTUSDT', '15:47:02', 0]"
"['DOGEUSDT', '15:47:02', 0]","['DOGEUSDT', '15:47:02', 0]","['DOGEUSDT', '15:47:02', 0]","['DOGEUSDT', '15:47:02', 0]","['DOGEUSDT', '15:47:02', 0]"
"['LINKUSDT', '15:47:02', 0]","['LINKUSDT', '15:47:02', 0]","['LINKUSDT', '15:47:02', 0]","['LINKUSDT', '15:47:02', 1]","['LINKUSDT', '15:47:02', 0]"
"['LTCUSDT', '15:47:02', 0]","['LTCUSDT', '15:47:02', 0]","['LTCUSDT', '15:47:02', 0]","['LTCUSDT', '15:47:02', 0]","['LTCUSDT', '15:47:02', 0]"
"['BTCUSDT', '15:48:01', 0]","['BTCUSDT', '15:48:01', 1]","['BTCUSDT', '15:48:01', 0]","['BTCUSDT', '15:48:01', 0]","['BTCUSDT', '15:48:01', 0]"
"['ETHUSDT', '15:48:01', 0]","['ETHUSDT', '15:48:01', 0]","['ETHUSDT', '15:48:01', 0]","['ETHUSDT', '15:48:01', 1]","['ETHUSDT', '15:48:01', 0]"
"['BNBUSDT', '15:48:01', 1]","['BNBUSDT', '15:48:01', 1]","['BNBUSDT', '15:48:01', 0]","['BNBUSDT', '15:48:01', 0]","['BNBUSDT', '15:48:01', 0]"
"['ADAUSDT', '15:48:01', 0]","['ADAUSDT', '15:48:01', 0]","['ADAUSDT', '15:48:01', 0]","['ADAUSDT', '15:48:01', 0]","['ADAUSDT', '15:48:01', 0]"
"['XRPUSDT', '15:48:01', 1]","['XRPUSDT', '15:48:01', 0]","['XRPUSDT', '15:48:01', 0]","['XRPUSDT', '15:48:01', 1]","['XRPUSDT', '15:48:01', 0]"
"['SOLUSDT', '15:48:01', 0]","['SOLUSDT', '15:48:01', 0]","['SOLUSDT', '15:48:01', 0]","['SOLUSDT', '15:48:01', 0]","['SOLUSDT', '15:48:01', 0]"
"['DOTUSDT', '15:48:01', 0]","['DOTUSDT', '15:48:01', 0]","['DOTUSDT', '15:48:01', 0]","['DOTUSDT', '15:48:01', 0]","['DOTUSDT', '15:48:01', 0]"
"['DOGEUSDT', '15:48:01', 0]","['DOGEUSDT', '15:48:01', 0]","['DOGEUSDT', '15:48:01', 0]","['DOGEUSDT', '15:48:01', 0]","['DOGEUSDT', '15:48:01', 0]"
"['LINKUSDT', '15:48:01', 0]","['LINKUSDT', '15:48:01', 0]","['LINKUSDT', '15:48:01', 0]","['LINKUSDT', '15:48:01', 0]","['LINKUSDT', '15:48:01', 0]"
"['LTCUSDT', '15:48:01', 0]","['LTCUSDT', '15:48:01', 0]","['LTCUSDT', '15:48:01', 0]","['LTCUSDT', '15:48:01', 0]","['LTCUSDT', '15:48:01', 0]"
"['BTCUSDT', '15:49:01', 0]","['BTCUSDT', '15:49:01', 0]","['BTCUSDT', '15:49:01', 0]","['BTCUSDT', '15:49:01', 0]","['BTCUSDT', '15:49:01', 0]"
"['ETHUSDT', '15:49:01', 0]","['ETHUSDT', '15:49:01', 0]","['ETHUSDT', '15:49:01', 0]","['ETHUSDT', '15:49:01', 1]","['ETHUSDT', '15:49:01', 0]"
"['BNBUSDT', '15:49:01', 0]","['BNBUSDT', '15:49:01', 0]","['BNBUSDT', '15:49:01', 0]","['BNBUSDT', '15:49:01', 0]","['BNBUSDT', '15:49:01', 0]"
"['ADAUSDT', '15:49:01', 0]","['ADAUSDT', '15:49:01', 0]","['ADAUSDT', '15:49:01', 0]","['ADAUSDT', '15:49:01', 0]","['ADAUSDT', '15:49:01', 0]"
"['XRPUSDT', '15:49:01', 0]","['XRPUSDT', '15:49:01', 0]","['XRPUSDT', '15:49:01', 0]","['XRPUSDT', '15:49:01', 0]","['XRPUSDT', '15:49:01', 0]"
"['SOLUSDT', '15:49:01', 0]","['SOLUSDT', '15:49:01', 0]","['SOLUSDT', '15:49:01', 0]","['SOLUSDT', '15:49:01', 0]","['SOLUSDT', '15:49:01', 0]"
"['DOTUSDT', '15:49:01', 0]","['DOTUSDT', '15:49:01', 0]","['DOTUSDT', '15:49:01', 0]","['DOTUSDT', '15:49:01', 0]","['DOTUSDT', '15:49:01', 0]"
"['DOGEUSDT', '15:49:01', 0]","['DOGEUSDT', '15:49:01', 0]","['DOGEUSDT', '15:49:01', 1]","['DOGEUSDT', '15:49:01', 0]","['DOGEUSDT', '15:49:01', 0]"
"['LINKUSDT', '15:49:01', 0]","['LINKUSDT', '15:49:01', 0]","['LINKUSDT', '15:49:01', 0]","['LINKUSDT', '15:49:01', 0]","['LINKUSDT', '15:49:01', 0]"
"['LTCUSDT', '15:49:01', 0]","['LTCUSDT', '15:49:01', 0]","['LTCUSDT', '15:49:01', 0]","['LTCUSDT', '15:49:01', 0]","['LTCUSDT', '15:49:01', 0]"
"['BTCUSDT', '15:50:01', 0]","['BTCUSDT', '15:50:01', 0]","['BTCUSDT', '15:50:01', 0]","['BTCUSDT', '15:50:01', 0]","['BTCUSDT', '15:50:01', 0]"
"['ETHUSDT', '15:50:01', 0]","['ETHUSDT', '15:50:01', 0]","['ETHUSDT', '15:50:01', 0]","['ETHUSDT', '15:50:01', 0]","['ETHUSDT', '15:50:01', 0]"
"['BNBUSDT', '15:50:01', 0]","['BNBUSDT', '15:50:01', 0]","['BNBUSDT', '15:50:01', 0]","['BNBUSDT', '15:50:01', 0]","['BNBUSDT', '15:50:01', 0]"
"['ADAUSDT', '15:50:01', 0]","['ADAUSDT', '15:50:01', 1]","['ADAUSDT', '15:50:01', 0]","['ADAUSDT', '15:50:01', 0]","['ADAUSDT', '15:50:01', 0]"
"['XRPUSDT', '15:50:01', 0]","['XRPUSDT', '15:50:01', 0]","['XRPUSDT', '15:50:01', 0]","['XRPUSDT', '15:50:01', 0]","['XRPUSDT', '15:50:01', 0]"
"['SOLUSDT', '15:50:01', 0]","['SOLUSDT', '15:50:01', 0]","['SOLUSDT', '15:50:01', 0]","['SOLUSDT', '15:50:01', 0]","['SOLUSDT', '15:50:01', 0]"
"['DOTUSDT', '15:50:01', 0]","['DOTUSDT', '15:50:01', 0]","['DOTUSDT', '15:50:01', 0]","['DOTUSDT', '15:50:01', 0]","['DOTUSDT', '15:50:01', 0]"
"['DOGEUSDT', '15:50:01', 0]","['DOGEUSDT', '15:50:01', 0]","['DOGEUSDT', '15:50:01', 1]","['DOGEUSDT', '15:50:01', 0]","['DOGEUSDT', '15:50:01', 0]"
"['LINKUSDT', '15:50:01', 0]","['LINKUSDT', '15:50:01', 1]","['LINKUSDT', '15:50:01', 0]","['LINKUSDT', '15:50:01', 0]","['LINKUSDT', '15:50:01', 0]"
"['LTCUSDT', '15:50:01', 0]","['LTCUSDT', '15:50:01', 0]","['LTCUSDT', '15:50:01', 0]","['LTCUSDT', '15:50:01', 0]","['LTCUSDT', '15:50:01', 0]"
"['BTCUSDT', '15:51:01', 0]","['BTCUSDT', '15:51:01', 0]","['BTCUSDT', '15:51:01', 0]","['BTCUSDT', '15:51:01', 0]","['BTCUSDT', '15:51:01', 0]"
"['ETHUSDT', '15:51:01', 0]","['ETHUSDT', '15:51:01', 0]","['ETHUSDT', '15:51:01', 0]","['ETHUSDT', '15:51:01', 0]","['ETHUSDT', '15:51:01', 0]"
"['BNBUSDT', '15:51:01', 0]","['BNBUSDT', '15:51:01', 0]","['BNBUSDT', '15:51:01', 0]","['BNBUSDT', '15:51:01', 0]","['BNBUSDT', '15:51:01', 0]"
"['ADAUSDT', '15:51:01', 0]","['ADAUSDT', '15:51:01', 0]","['ADAUSDT', '15:51:01', 0]","['ADAUSDT', '15:51:01', 0]","['ADAUSDT', '15:51:01', 0]"
"['XRPUSDT', '15:51:01', 0]","['XRPUSDT', '15:51:01', 0]","['XRPUSDT', '15:51:01', 0]","['XRPUSDT', '15:51:01', 0]","['XRPUSDT', '15:51:01', 0]"
"['SOLUSDT', '15:51:01', 0]","['SOLUSDT', '15:51:01', 0]","['SOLUSDT', '15:51:01', 0]","['SOLUSDT', '15:51:01', 0]","['SOLUSDT', '15:51:01', 0]"
"['DOTUSDT', '15:51:01', 0]","['DOTUSDT', '15:51:01', 0]","['DOTUSDT', '15:51:01', 0]","['DOTUSDT', '15:51:01', 0]","['DOTUSDT', '15:51:01', 0]"
"['DOGEUSDT', '15:51:01', 0]","['DOGEUSDT', '15:51:01', 0]","['DOGEUSDT', '15:51:01', 0]","['DOGEUSDT', '15:51:01', 0]","['DOGEUSDT', '15:51:01', 1]"
"['LINKUSDT', '15:51:01', 0]","['LINKUSDT', '15:51:01', 0]","['LINKUSDT', '15:51:01', 0]","['LINKUSDT', '15:51:01', 0]","['LINKUSDT', '15:51:01', 0]"
"['LTCUSDT', '15:51:01', 0]","['LTCUSDT', '15:51:01', 0]","['LTCUSDT', '15:51:01', 0]","['LTCUSDT', '15:51:01', 0]","['LTCUSDT', '15:51:01', 0]"

[2024-11-08T15:52:04.819+0000] {taskinstance.py:340} INFO - ::group::Post task execution logs
[2024-11-08T15:52:04.822+0000] {taskinstance.py:352} INFO - Marking task as SUCCESS. dag_id=strata-lab-1-v00, task_id=read_signals_from_s3, run_id=scheduled__2024-11-08T15:51:00+00:00, execution_date=20241108T155100, start_date=20241108T155203, end_date=20241108T155204
[2024-11-08T15:52:04.869+0000] {logging_mixin.py:190} INFO - Task instance in success state
[2024-11-08T15:52:04.870+0000] {logging_mixin.py:190} INFO -  Previous state of the Task instance: running
[2024-11-08T15:52:04.871+0000] {logging_mixin.py:190} INFO - Dag name:strata-lab-1-v00 queued_at:2024-11-08 15:52:00.964367+00:00
[2024-11-08T15:52:04.871+0000] {logging_mixin.py:190} INFO - Task hostname:836a99166ce4 operator:_PythonDecoratedOperator
[2024-11-08T15:52:04.921+0000] {local_task_job_runner.py:266} INFO - Task exited with return code 0
[2024-11-08T15:52:04.977+0000] {taskinstance.py:3895} INFO - 0 downstream tasks scheduled from follow-on schedule check
[2024-11-08T15:52:04.981+0000] {local_task_job_runner.py:245} INFO - ::endgroup::
