[2024-11-08T15:38:49.703+0000] {local_task_job_runner.py:123} INFO - ::group::Pre task execution logs
[2024-11-08T15:38:49.715+0000] {taskinstance.py:2613} INFO - Dependencies all met for dep_context=non-requeueable deps ti=<TaskInstance: strata-lab-1-v01.export_signals_to_s3 scheduled__2024-11-08T15:37:00+00:00 [queued]>
[2024-11-08T15:38:49.724+0000] {taskinstance.py:2613} INFO - Dependencies all met for dep_context=requeueable deps ti=<TaskInstance: strata-lab-1-v01.export_signals_to_s3 scheduled__2024-11-08T15:37:00+00:00 [queued]>
[2024-11-08T15:38:49.724+0000] {taskinstance.py:2866} INFO - Starting attempt 1 of 1
[2024-11-08T15:38:49.733+0000] {taskinstance.py:2889} INFO - Executing <Task(_PythonDecoratedOperator): export_signals_to_s3> on 2024-11-08 15:37:00+00:00
[2024-11-08T15:38:49.748+0000] {standard_task_runner.py:104} INFO - Running: ['***', 'tasks', 'run', 'strata-lab-1-v01', 'export_signals_to_s3', 'scheduled__2024-11-08T15:37:00+00:00', '--job-id', '37', '--raw', '--subdir', 'DAGS_FOLDER/main.py', '--cfg-path', '/tmp/tmp43g59x7x']
[2024-11-08T15:38:49.751+0000] {standard_task_runner.py:105} INFO - Job 37: Subtask export_signals_to_s3
[2024-11-08T15:38:49.750+0000] {logging_mixin.py:190} WARNING - /home/***/.local/lib/python3.12/site-packages/***/task/task_runner/standard_task_runner.py:70 DeprecationWarning: This process (pid=2244) is multi-threaded, use of fork() may lead to deadlocks in the child.
[2024-11-08T15:38:49.754+0000] {standard_task_runner.py:72} INFO - Started process 2274 to run task
[2024-11-08T15:38:49.824+0000] {task_command.py:467} INFO - Running <TaskInstance: strata-lab-1-v01.export_signals_to_s3 scheduled__2024-11-08T15:37:00+00:00 [running]> on host 836a99166ce4
[2024-11-08T15:38:49.900+0000] {taskinstance.py:3132} INFO - Exporting env vars: AIRFLOW_CTX_DAG_OWNER='***' AIRFLOW_CTX_DAG_ID='strata-lab-1-v01' AIRFLOW_CTX_TASK_ID='export_signals_to_s3' AIRFLOW_CTX_EXECUTION_DATE='2024-11-08T15:37:00+00:00' AIRFLOW_CTX_TRY_NUMBER='1' AIRFLOW_CTX_DAG_RUN_ID='scheduled__2024-11-08T15:37:00+00:00'
[2024-11-08T15:38:49.902+0000] {logging_mixin.py:190} INFO - Task instance is in running state
[2024-11-08T15:38:49.902+0000] {logging_mixin.py:190} INFO -  Previous state of the Task instance: queued
[2024-11-08T15:38:49.903+0000] {logging_mixin.py:190} INFO - Current task name:export_signals_to_s3 state:running start_date:2024-11-08 15:38:49.716952+00:00
[2024-11-08T15:38:49.903+0000] {logging_mixin.py:190} INFO - Dag name:strata-lab-1-v01 and current dag run status:running
[2024-11-08T15:38:49.903+0000] {taskinstance.py:731} INFO - ::endgroup::
[2024-11-08T15:38:50.020+0000] {logging_mixin.py:190} WARNING - /opt/***/dags/main.py:63 FutureWarning: Passing literal json to 'read_json' is deprecated and will be removed in a future version. To read from a literal string, wrap it in a 'StringIO' object.
[2024-11-08T15:38:51.069+0000] {logging_mixin.py:190} INFO - Signals exported to S3 successfully.
[2024-11-08T15:38:51.075+0000] {python.py:240} INFO - Done. Returned value was: None
[2024-11-08T15:38:51.086+0000] {taskinstance.py:340} INFO - ::group::Post task execution logs
[2024-11-08T15:38:51.087+0000] {taskinstance.py:352} INFO - Marking task as SUCCESS. dag_id=strata-lab-1-v01, task_id=export_signals_to_s3, run_id=scheduled__2024-11-08T15:37:00+00:00, execution_date=20241108T153700, start_date=20241108T153849, end_date=20241108T153851
[2024-11-08T15:38:51.100+0000] {logging_mixin.py:190} INFO - Task instance in success state
[2024-11-08T15:38:51.101+0000] {logging_mixin.py:190} INFO -  Previous state of the Task instance: running
[2024-11-08T15:38:51.102+0000] {logging_mixin.py:190} INFO - Dag name:strata-lab-1-v01 queued_at:2024-11-08 15:38:19.089479+00:00
[2024-11-08T15:38:51.102+0000] {logging_mixin.py:190} INFO - Task hostname:836a99166ce4 operator:_PythonDecoratedOperator
[2024-11-08T15:38:51.143+0000] {local_task_job_runner.py:266} INFO - Task exited with return code 0
[2024-11-08T15:38:51.180+0000] {taskinstance.py:3895} INFO - 0 downstream tasks scheduled from follow-on schedule check
[2024-11-08T15:38:51.185+0000] {local_task_job_runner.py:245} INFO - ::endgroup::
