[2024-11-08T15:39:01.991+0000] {local_task_job_runner.py:123} INFO - ::group::Pre task execution logs
[2024-11-08T15:39:01.997+0000] {taskinstance.py:2613} INFO - Dependencies all met for dep_context=non-requeueable deps ti=<TaskInstance: strata-lab-1-v01.read_signals_from_s3 scheduled__2024-11-08T15:38:00+00:00 [queued]>
[2024-11-08T15:39:02.000+0000] {taskinstance.py:2613} INFO - Dependencies all met for dep_context=requeueable deps ti=<TaskInstance: strata-lab-1-v01.read_signals_from_s3 scheduled__2024-11-08T15:38:00+00:00 [queued]>
[2024-11-08T15:39:02.001+0000] {taskinstance.py:2866} INFO - Starting attempt 1 of 1
[2024-11-08T15:39:02.007+0000] {taskinstance.py:2889} INFO - Executing <Task(_PythonDecoratedOperator): read_signals_from_s3> on 2024-11-08 15:38:00+00:00
[2024-11-08T15:39:02.018+0000] {logging_mixin.py:190} WARNING - /home/***/.local/lib/python3.12/site-packages/***/task/task_runner/standard_task_runner.py:70 DeprecationWarning: This process (pid=2286) is multi-threaded, use of fork() may lead to deadlocks in the child.
[2024-11-08T15:39:02.019+0000] {standard_task_runner.py:104} INFO - Running: ['***', 'tasks', 'run', 'strata-lab-1-v01', 'read_signals_from_s3', 'scheduled__2024-11-08T15:38:00+00:00', '--job-id', '38', '--raw', '--subdir', 'DAGS_FOLDER/main.py', '--cfg-path', '/tmp/tmpm3g6beym']
[2024-11-08T15:39:02.020+0000] {standard_task_runner.py:105} INFO - Job 38: Subtask read_signals_from_s3
[2024-11-08T15:39:02.020+0000] {standard_task_runner.py:72} INFO - Started process 2293 to run task
[2024-11-08T15:39:02.116+0000] {task_command.py:467} INFO - Running <TaskInstance: strata-lab-1-v01.read_signals_from_s3 scheduled__2024-11-08T15:38:00+00:00 [running]> on host 836a99166ce4
[2024-11-08T15:39:02.197+0000] {taskinstance.py:3132} INFO - Exporting env vars: AIRFLOW_CTX_DAG_OWNER='***' AIRFLOW_CTX_DAG_ID='strata-lab-1-v01' AIRFLOW_CTX_TASK_ID='read_signals_from_s3' AIRFLOW_CTX_EXECUTION_DATE='2024-11-08T15:38:00+00:00' AIRFLOW_CTX_TRY_NUMBER='1' AIRFLOW_CTX_DAG_RUN_ID='scheduled__2024-11-08T15:38:00+00:00'
[2024-11-08T15:39:02.198+0000] {logging_mixin.py:190} INFO - Task instance is in running state
[2024-11-08T15:39:02.198+0000] {logging_mixin.py:190} INFO -  Previous state of the Task instance: queued
[2024-11-08T15:39:02.198+0000] {logging_mixin.py:190} INFO - Current task name:read_signals_from_s3 state:running start_date:2024-11-08 15:39:01.997627+00:00
[2024-11-08T15:39:02.198+0000] {logging_mixin.py:190} INFO - Dag name:strata-lab-1-v01 and current dag run status:running
[2024-11-08T15:39:02.198+0000] {taskinstance.py:731} INFO - ::endgroup::
[2024-11-08T15:39:02.961+0000] {python.py:240} INFO - Done. Returned value was: rsi,stoch_rsi,macd,bollinger_bands,mvg
"['BTCUSDT', '15:36:59', 0]","['BTCUSDT', '15:36:59', 0]","['BTCUSDT', '15:36:59', 0]","['BTCUSDT', '15:36:59', 0]","['BTCUSDT', '15:36:59', 0]"
"['ETHUSDT', '15:36:59', 0]","['ETHUSDT', '15:36:59', 0]","['ETHUSDT', '15:36:59', 0]","['ETHUSDT', '15:36:59', 0]","['ETHUSDT', '15:36:59', 0]"
"['BNBUSDT', '15:36:59', 0]","['BNBUSDT', '15:36:59', 1]","['BNBUSDT', '15:36:59', 0]","['BNBUSDT', '15:36:59', 0]","['BNBUSDT', '15:36:59', 0]"
"['ADAUSDT', '15:36:59', 0]","['ADAUSDT', '15:36:59', 0]","['ADAUSDT', '15:36:59', 0]","['ADAUSDT', '15:36:59', 0]","['ADAUSDT', '15:36:59', 0]"
"['XRPUSDT', '15:36:59', 0]","['XRPUSDT', '15:36:59', 0]","['XRPUSDT', '15:36:59', 0]","['XRPUSDT', '15:36:59', 0]","['XRPUSDT', '15:36:59', 0]"
"['SOLUSDT', '15:36:59', 0]","['SOLUSDT', '15:36:59', 0]","['SOLUSDT', '15:36:59', 2]","['SOLUSDT', '15:36:59', 0]","['SOLUSDT', '15:36:59', 0]"
"['DOTUSDT', '15:36:59', 0]","['DOTUSDT', '15:36:59', 0]","['DOTUSDT', '15:36:59', 0]","['DOTUSDT', '15:36:59', 0]","['DOTUSDT', '15:36:59', 0]"
"['DOGEUSDT', '15:36:59', 0]","['DOGEUSDT', '15:36:59', 0]","['DOGEUSDT', '15:36:59', 0]","['DOGEUSDT', '15:36:59', 0]","['DOGEUSDT', '15:36:59', 0]"
"['LINKUSDT', '15:36:59', 0]","['LINKUSDT', '15:36:59', 0]","['LINKUSDT', '15:36:59', 0]","['LINKUSDT', '15:36:59', 0]","['LINKUSDT', '15:36:59', 2]"
"['LTCUSDT', '15:36:59', 0]","['LTCUSDT', '15:36:59', 0]","['LTCUSDT', '15:36:59', 2]","['LTCUSDT', '15:36:59', 0]","['LTCUSDT', '15:36:59', 0]"
"['BTCUSDT', '15:37:30', 0]","['BTCUSDT', '15:37:30', 0]","['BTCUSDT', '15:37:30', 0]","['BTCUSDT', '15:37:30', 0]","['BTCUSDT', '15:37:30', 0]"
"['ETHUSDT', '15:37:30', 0]","['ETHUSDT', '15:37:30', 0]","['ETHUSDT', '15:37:30', 0]","['ETHUSDT', '15:37:30', 0]","['ETHUSDT', '15:37:30', 0]"
"['BNBUSDT', '15:37:30', 0]","['BNBUSDT', '15:37:30', 1]","['BNBUSDT', '15:37:30', 0]","['BNBUSDT', '15:37:30', 0]","['BNBUSDT', '15:37:30', 2]"
"['ADAUSDT', '15:37:30', 0]","['ADAUSDT', '15:37:30', 0]","['ADAUSDT', '15:37:30', 0]","['ADAUSDT', '15:37:30', 0]","['ADAUSDT', '15:37:30', 0]"
"['XRPUSDT', '15:37:30', 0]","['XRPUSDT', '15:37:30', 0]","['XRPUSDT', '15:37:30', 0]","['XRPUSDT', '15:37:30', 0]","['XRPUSDT', '15:37:30', 2]"
"['SOLUSDT', '15:37:30', 0]","['SOLUSDT', '15:37:30', 0]","['SOLUSDT', '15:37:30', 2]","['SOLUSDT', '15:37:30', 0]","['SOLUSDT', '15:37:30', 0]"
"['DOTUSDT', '15:37:30', 0]","['DOTUSDT', '15:37:30', 0]","['DOTUSDT', '15:37:30', 0]","['DOTUSDT', '15:37:30', 0]","['DOTUSDT', '15:37:30', 0]"
"['DOGEUSDT', '15:37:30', 0]","['DOGEUSDT', '15:37:30', 0]","['DOGEUSDT', '15:37:30', 0]","['DOGEUSDT', '15:37:30', 0]","['DOGEUSDT', '15:37:30', 0]"
"['LINKUSDT', '15:37:30', 0]","['LINKUSDT', '15:37:30', 0]","['LINKUSDT', '15:37:30', 0]","['LINKUSDT', '15:37:30', 0]","['LINKUSDT', '15:37:30', 0]"
"['LTCUSDT', '15:37:30', 0]","['LTCUSDT', '15:37:30', 0]","['LTCUSDT', '15:37:30', 0]","['LTCUSDT', '15:37:30', 0]","['LTCUSDT', '15:37:30', 0]"
"['BTCUSDT', '15:38:23', 0]","['BTCUSDT', '15:38:23', 0]","['BTCUSDT', '15:38:23', 0]","['BTCUSDT', '15:38:23', 0]","['BTCUSDT', '15:38:23', 0]"
"['ETHUSDT', '15:38:23', 0]","['ETHUSDT', '15:38:23', 1]","['ETHUSDT', '15:38:23', 0]","['ETHUSDT', '15:38:23', 0]","['ETHUSDT', '15:38:23', 0]"
"['BNBUSDT', '15:38:23', 0]","['BNBUSDT', '15:38:23', 0]","['BNBUSDT', '15:38:23', 0]","['BNBUSDT', '15:38:23', 0]","['BNBUSDT', '15:38:23', 2]"
"['ADAUSDT', '15:38:23', 0]","['ADAUSDT', '15:38:23', 0]","['ADAUSDT', '15:38:23', 0]","['ADAUSDT', '15:38:23', 0]","['ADAUSDT', '15:38:23', 0]"
"['XRPUSDT', '15:38:23', 0]","['XRPUSDT', '15:38:23', 0]","['XRPUSDT', '15:38:23', 0]","['XRPUSDT', '15:38:23', 0]","['XRPUSDT', '15:38:23', 2]"
"['SOLUSDT', '15:38:23', 0]","['SOLUSDT', '15:38:23', 0]","['SOLUSDT', '15:38:23', 0]","['SOLUSDT', '15:38:23', 0]","['SOLUSDT', '15:38:23', 0]"
"['DOTUSDT', '15:38:23', 0]","['DOTUSDT', '15:38:23', 0]","['DOTUSDT', '15:38:23', 0]","['DOTUSDT', '15:38:23', 0]","['DOTUSDT', '15:38:23', 0]"
"['DOGEUSDT', '15:38:23', 0]","['DOGEUSDT', '15:38:23', 0]","['DOGEUSDT', '15:38:23', 0]","['DOGEUSDT', '15:38:23', 0]","['DOGEUSDT', '15:38:23', 0]"
"['LINKUSDT', '15:38:23', 0]","['LINKUSDT', '15:38:23', 0]","['LINKUSDT', '15:38:23', 0]","['LINKUSDT', '15:38:23', 0]","['LINKUSDT', '15:38:23', 0]"
"['LTCUSDT', '15:38:23', 0]","['LTCUSDT', '15:38:23', 0]","['LTCUSDT', '15:38:23', 2]","['LTCUSDT', '15:38:23', 0]","['LTCUSDT', '15:38:23', 0]"

[2024-11-08T15:39:03.027+0000] {taskinstance.py:340} INFO - ::group::Post task execution logs
[2024-11-08T15:39:03.027+0000] {taskinstance.py:352} INFO - Marking task as SUCCESS. dag_id=strata-lab-1-v01, task_id=read_signals_from_s3, run_id=scheduled__2024-11-08T15:38:00+00:00, execution_date=20241108T153800, start_date=20241108T153901, end_date=20241108T153903
[2024-11-08T15:39:03.045+0000] {logging_mixin.py:190} INFO - Task instance in success state
[2024-11-08T15:39:03.045+0000] {logging_mixin.py:190} INFO -  Previous state of the Task instance: running
[2024-11-08T15:39:03.046+0000] {logging_mixin.py:190} INFO - Dag name:strata-lab-1-v01 queued_at:2024-11-08 15:39:00.479257+00:00
[2024-11-08T15:39:03.046+0000] {logging_mixin.py:190} INFO - Task hostname:836a99166ce4 operator:_PythonDecoratedOperator
[2024-11-08T15:39:03.090+0000] {local_task_job_runner.py:266} INFO - Task exited with return code 0
[2024-11-08T15:39:03.143+0000] {taskinstance.py:3895} INFO - 0 downstream tasks scheduled from follow-on schedule check
[2024-11-08T15:39:03.147+0000] {local_task_job_runner.py:245} INFO - ::endgroup::
